<?xml version="1.0" encoding="UTF-8"?>
<!-- Generated by org.testng.reporters.JUnitXMLReporter -->
<testsuite hostname="UKPC32766" name="Test1" tests="1" failures="0" timestamp="28 Nov 2018 12:20:13 GMT" time="2.291" errors="0">
  <testcase name="@BeforeClass setUp" time="0.0" classname="example.ATS002Perservedmemberhit">
    <failure type="java.lang.NullPointerException">
      <![CDATA[java.lang.NullPointerException
	at example.ATS002Perservedmemberhit.setUp(ATS002Perservedmemberhit.java:23)
... Removed 25 stack frames]]>
    </failure>
  </testcase> <!-- @BeforeClass setUp -->
  <testcase name="test1101ATS002Perservedmemberhits" time="0.008" classname="example.ATS002Perservedmemberhit">
    <skipped/>
  </testcase> <!-- test1101ATS002Perservedmemberhits -->
</testsuite> <!-- Test1 -->
