<?xml version="1.0" encoding="UTF-8"?>
<!-- Generated by org.testng.reporters.JUnitXMLReporter -->
<testsuite hostname="UKPC32766" name="Test" tests="149" failures="120" timestamp="5 Dec 2018 16:13:22 GMT" time="5680.3" errors="0">
  <testcase name="@AfterClass tearDown" time="0.0" classname="Clarity1_3.ATS008Pensionersarenotabletoresettheirpasswordswithinvaliddetails">
    <failure type="java.lang.AssertionError" message="java.lang.AssertionError: expected [true] but found [false]java.lang.AssertionError: expected [true] but found [false]">
      <![CDATA[java.lang.AssertionError: java.lang.AssertionError: expected [true] but found [false]java.lang.AssertionError: expected [true] but found [false]
	at Clarity1_3.ATS008Pensionersarenotabletoresettheirpasswordswithinvaliddetails.tearDown(ATS008Pensionersarenotabletoresettheirpasswordswithinvaliddetails.java:46)
... Removed 26 stack frames]]>
    </failure>
  </testcase> <!-- @AfterClass tearDown -->
  <testcase name="@AfterClass tearDown" time="0.0" classname="Clarity1_3.ATS001VerifyTopmenusandleftlinksarerelevantforPensioner">
    <failure type="java.lang.AssertionError" message="java.lang.AssertionError: expected [true] but found [false]">
      <![CDATA[java.lang.AssertionError: java.lang.AssertionError: expected [true] but found [false]
	at Clarity1_3.ATS001VerifyTopmenusandleftlinksarerelevantforPensioner.tearDown(ATS001VerifyTopmenusandleftlinksarerelevantforPensioner.java:144)
... Removed 26 stack frames]]>
    </failure>
  </testcase> <!-- @AfterClass tearDown -->
  <testcase name="@AfterClass tearDown" time="0.0" classname="Clarity1_3.ATS002VerifyPensionerabletoaccessonlyrelevantpages">
    <failure type="java.lang.AssertionError" message="java.lang.AssertionError: expected [true] but found [false]">
      <![CDATA[java.lang.AssertionError: java.lang.AssertionError: expected [true] but found [false]
	at Clarity1_3.ATS002VerifyPensionerabletoaccessonlyrelevantpages.tearDown(ATS002VerifyPensionerabletoaccessonlyrelevantpages.java:87)
... Removed 26 stack frames]]>
    </failure>
  </testcase> <!-- @AfterClass tearDown -->
  <testcase name="@AfterClass tearDown" time="0.0" classname="Clarity1_3.ATS011VerifyadminuserabletochangethestatusofinactivePensionertoactiveandlocked">
    <failure type="java.lang.AssertionError" message="java.lang.AssertionError: expected [true] but found [false]java.lang.AssertionError: expected [true] but found [false]">
      <![CDATA[java.lang.AssertionError: java.lang.AssertionError: expected [true] but found [false]java.lang.AssertionError: expected [true] but found [false]
	at Clarity1_3.ATS011VerifyadminuserabletochangethestatusofinactivePensionertoactiveandlocked.tearDown(ATS011VerifyadminuserabletochangethestatusofinactivePensionertoactiveandlocked.java:169)
... Removed 26 stack frames]]>
    </failure>
  </testcase> <!-- @AfterClass tearDown -->
  <testcase name="@AfterClass tearDown" time="0.0" classname="Clarity1_3.ATS013VerifyadminuserabletochangethestatusoflockedPensioneraccounttoactiveandinactive">
    <failure type="java.lang.AssertionError" message="java.lang.AssertionError: expected [true] but found [false]">
      <![CDATA[java.lang.AssertionError: java.lang.AssertionError: expected [true] but found [false]
	at Clarity1_3.ATS013VerifyadminuserabletochangethestatusoflockedPensioneraccounttoactiveandinactive.tearDown(ATS013VerifyadminuserabletochangethestatusoflockedPensioneraccounttoactiveandinactive.java:225)
... Removed 26 stack frames]]>
    </failure>
  </testcase> <!-- @AfterClass tearDown -->
  <testcase name="@AfterClass tearDown" time="0.0" classname="Clarity1_3.ATS019VerifyPensionerisabletomergehisaccountwithanotherpensioner">
    <failure type="java.lang.AssertionError" message="java.lang.AssertionError: expected [true] but found [false]">
      <![CDATA[java.lang.AssertionError: java.lang.AssertionError: expected [true] but found [false]
	at Clarity1_3.ATS019VerifyPensionerisabletomergehisaccountwithanotherpensioner.tearDown(ATS019VerifyPensionerisabletomergehisaccountwithanotherpensioner.java:83)
... Removed 26 stack frames]]>
    </failure>
  </testcase> <!-- @AfterClass tearDown -->
  <testcase name="@AfterClass tearDown" time="0.0" classname="Clarity1_3.ATS002Verifylastpensionpaymentdetailsnotdisplayedwhenthememberdoesnothavelastpensionpaymentdetails">
    <failure type="java.lang.AssertionError" message="java.lang.AssertionError: expected [true] but found [false]">
      <![CDATA[java.lang.AssertionError: java.lang.AssertionError: expected [true] but found [false]
	at Clarity1_3.ATS002Verifylastpensionpaymentdetailsnotdisplayedwhenthememberdoesnothavelastpensionpaymentdetails.tearDown(ATS002Verifylastpensionpaymentdetailsnotdisplayedwhenthememberdoesnothavelastpensionpaymentdetails.java:54)
... Removed 26 stack frames]]>
    </failure>
  </testcase> <!-- @AfterClass tearDown -->
  <testcase name="@AfterClass tearDown" time="0.0" classname="Clarity1_3.SUPWRS91628ATS011Verifysupportusernotabletochangehispasswordwithinvaliddetails">
    <failure type="java.lang.AssertionError" message="java.lang.AssertionError: expected [true] but found [false]java.lang.AssertionError: expected [true] but found [false]">
      <![CDATA[java.lang.AssertionError: java.lang.AssertionError: expected [true] but found [false]java.lang.AssertionError: expected [true] but found [false]
	at Clarity1_3.SUPWRS91628ATS011Verifysupportusernotabletochangehispasswordwithinvaliddetails.tearDown(SUPWRS91628ATS011Verifysupportusernotabletochangehispasswordwithinvaliddetails.java:74)
... Removed 26 stack frames]]>
    </failure>
  </testcase> <!-- @AfterClass tearDown -->
  <testcase name="@AfterClass tearDown" time="0.0" classname="Clarity1_3.SUPWRS91648ATS005Verifythatthegovernanceuserisloggedoutifhelockshisaccountduringchangememorableword">
    <failure type="java.lang.AssertionError" message="java.lang.AssertionError: expected [true] but found [false]">
      <![CDATA[java.lang.AssertionError: java.lang.AssertionError: expected [true] but found [false]
	at Clarity1_3.SUPWRS91648ATS005Verifythatthegovernanceuserisloggedoutifhelockshisaccountduringchangememorableword.tearDown(SUPWRS91648ATS005Verifythatthegovernanceuserisloggedoutifhelockshisaccountduringchangememorableword.java:102)
... Removed 26 stack frames]]>
    </failure>
  </testcase> <!-- @AfterClass tearDown -->
  <testcase name="@AfterClass tearDown" time="0.0" classname="Clarity1_3.SUPWRS91665ATS001Verifythattheadminisloggedoutifhelockshisaccountduringchangepassword">
    <failure type="java.lang.AssertionError" message="java.lang.AssertionError: expected [true] but found [false]java.lang.AssertionError: expected [true] but found [false]">
      <![CDATA[java.lang.AssertionError: java.lang.AssertionError: expected [true] but found [false]java.lang.AssertionError: expected [true] but found [false]
	at Clarity1_3.SUPWRS91665ATS001Verifythattheadminisloggedoutifhelockshisaccountduringchangepassword.tearDown(SUPWRS91665ATS001Verifythattheadminisloggedoutifhelockshisaccountduringchangepassword.java:137)
... Removed 26 stack frames]]>
    </failure>
  </testcase> <!-- @AfterClass tearDown -->
  <testcase name="@AfterClass tearDown" time="0.0" classname="Clarity1_3.SUPWRS91665ATS003Verifythattheadminisloggedoutifhelockshisaccountduringchangerepositorykey">
    <failure type="java.lang.AssertionError" message="java.lang.AssertionError: expected [true] but found [false]java.lang.AssertionError: expected [true] but found [false]java.lang.AssertionError: expected [true] but found [false]java.lang.AssertionError: expected [true] but found [false]">
      <![CDATA[java.lang.AssertionError: java.lang.AssertionError: expected [true] but found [false]java.lang.AssertionError: expected [true] but found [false]java.lang.AssertionError: expected [true] but found [false]java.lang.AssertionError: expected [true] but found [false]
	at Clarity1_3.SUPWRS91665ATS003Verifythattheadminisloggedoutifhelockshisaccountduringchangerepositorykey.tearDown(SUPWRS91665ATS003Verifythattheadminisloggedoutifhelockshisaccountduringchangerepositorykey.java:159)
... Removed 26 stack frames]]>
    </failure>
  </testcase> <!-- @AfterClass tearDown -->
  <testcase name="@AfterClass tearDown" time="0.0" classname="Clarity1_3.SUPWRS91665ATS004Verifythattheadminisloggedoutifhelockshisaccountduringchangezippassword">
    <failure type="java.lang.AssertionError" message="java.lang.AssertionError: expected [true] but found [false]java.lang.AssertionError: expected [true] but found [false]java.lang.AssertionError: expected [true] but found [false]java.lang.AssertionError: expected [true] but found [false]">
      <![CDATA[java.lang.AssertionError: java.lang.AssertionError: expected [true] but found [false]java.lang.AssertionError: expected [true] but found [false]java.lang.AssertionError: expected [true] but found [false]java.lang.AssertionError: expected [true] but found [false]
	at Clarity1_3.SUPWRS91665ATS004Verifythattheadminisloggedoutifhelockshisaccountduringchangezippassword.tearDown(SUPWRS91665ATS004Verifythattheadminisloggedoutifhelockshisaccountduringchangezippassword.java:166)
... Removed 26 stack frames]]>
    </failure>
  </testcase> <!-- @AfterClass tearDown -->
  <testcase name="@AfterClass tearDown" time="0.0" classname="Clarity1_3.SUPWRS91665ATS005Verifythatthesecretaryisloggedoutifhelockshisaccountduringchangepassword">
    <failure type="java.lang.AssertionError" message="java.lang.AssertionError: expected [true] but found [false]java.lang.AssertionError: expected [true] but found [false]">
      <![CDATA[java.lang.AssertionError: java.lang.AssertionError: expected [true] but found [false]java.lang.AssertionError: expected [true] but found [false]
	at Clarity1_3.SUPWRS91665ATS005Verifythatthesecretaryisloggedoutifhelockshisaccountduringchangepassword.tearDown(SUPWRS91665ATS005Verifythatthesecretaryisloggedoutifhelockshisaccountduringchangepassword.java:140)
... Removed 26 stack frames]]>
    </failure>
  </testcase> <!-- @AfterClass tearDown -->
  <testcase name="@AfterClass tearDown" time="0.0" classname="Clarity1_3.SUPWRS91665ATS006Verifythatthesecretaryisloggedoutifhelockshisaccountduringchangerepositorykey">
    <failure type="java.lang.AssertionError" message="java.lang.AssertionError: expected [true] but found [false]java.lang.AssertionError: expected [true] but found [false]java.lang.AssertionError: expected [true] but found [false]java.lang.AssertionError: expected [true] but found [false]">
      <![CDATA[java.lang.AssertionError: java.lang.AssertionError: expected [true] but found [false]java.lang.AssertionError: expected [true] but found [false]java.lang.AssertionError: expected [true] but found [false]java.lang.AssertionError: expected [true] but found [false]
	at Clarity1_3.SUPWRS91665ATS006Verifythatthesecretaryisloggedoutifhelockshisaccountduringchangerepositorykey.tearDown(SUPWRS91665ATS006Verifythatthesecretaryisloggedoutifhelockshisaccountduringchangerepositorykey.java:157)
... Removed 26 stack frames]]>
    </failure>
  </testcase> <!-- @AfterClass tearDown -->
  <testcase name="@AfterClass tearDown" time="0.0" classname="Clarity1_3.SUPWRS91665ATS009Verifythatthesupportuserisloggedoutifhelockshisaccountduringchangepassword">
    <failure type="java.lang.AssertionError" message="java.lang.AssertionError: expected [true] but found [false]java.lang.AssertionError: expected [true] but found [false]">
      <![CDATA[java.lang.AssertionError: java.lang.AssertionError: expected [true] but found [false]java.lang.AssertionError: expected [true] but found [false]
	at Clarity1_3.SUPWRS91665ATS009Verifythatthesupportuserisloggedoutifhelockshisaccountduringchangepassword.tearDown(SUPWRS91665ATS009Verifythatthesupportuserisloggedoutifhelockshisaccountduringchangepassword.java:137)
... Removed 26 stack frames]]>
    </failure>
  </testcase> <!-- @AfterClass tearDown -->
  <testcase name="test0202ATS001Memberwithnotaxdata" time="36.418" classname="Clarity1_3.ATS001Memberwithnotaxdata">
    <failure type="org.openqa.selenium.NoSuchElementException" message="no such element: Unable to locate element: {&amp;quot;method&amp;quot;:&amp;quot;xpath&amp;quot;,&amp;quot;selector&amp;quot;:&amp;quot;.//*[@id=&amp;apos;navigation&amp;apos;]/li[3]/span/a&amp;quot;}
  (Session info: chrome=71.0.3578.80)
  (Driver info: chromedriver=2.44.609538 (b655c5a60b0b544917107a59d4153d4bf78e1b90),platform=Windows NT 6.1.7601 SP1 x86_64) (WARNING: The server did not provide any stacktrace information)
Command duration or timeout: 30.06 seconds
For documentation on this error, please visit: http://seleniumhq.org/exceptions/no_such_element.html
Build info: version: &amp;apos;unknown&amp;apos;, revision: &amp;apos;unknown&amp;apos;, time: &amp;apos;unknown&amp;apos;
System info: host: &amp;apos;UKPC32766&amp;apos;, ip: &amp;apos;192.168.28.178&amp;apos;, os.name: &amp;apos;Windows 7&amp;apos;, os.arch: &amp;apos;amd64&amp;apos;, os.version: &amp;apos;6.1&amp;apos;, java.version: &amp;apos;1.8.0_25&amp;apos;
Driver info: org.openqa.selenium.chrome.ChromeDriver
Capabilities [{mobileEmulationEnabled=false, hasTouchScreen=false, platform=XP, acceptSslCerts=false, goog:chromeOptions={debuggerAddress=localhost:62050}, acceptInsecureCerts=false, webStorageEnabled=true, browserName=chrome, takesScreenshot=true, javascriptEnabled=true, setWindowRect=true, unexpectedAlertBehaviour=ignore, applicationCacheEnabled=false, rotatable=false, networkConnectionEnabled=false, chrome={chromedriverVersion=2.44.609538 (b655c5a60b0b544917107a59d4153d4bf78e1b90), userDataDir=C:\Users\kawalig1\AppData\Local\Temp\scoped_dir14944_30864}, takesHeapSnapshot=true, pageLoadStrategy=normal, databaseEnabled=false, handlesAlerts=true, version=71.0.3578.80, browserConnectionEnabled=false, nativeEvents=true, locationContextEnabled=true, cssSelectorsEnabled=true}]
Session ID: 9cd4c038b9898d94e73be8c2fbe3d821
*** Element info: {Using=xpath, value=.//*[@id=&amp;apos;navigation&amp;apos;]/li[3]/span/a}">
      <![CDATA[org.openqa.selenium.NoSuchElementException: no such element: Unable to locate element: {"method":"xpath","selector":".//*[@id='navigation']/li[3]/span/a"}
  (Session info: chrome=71.0.3578.80)
  (Driver info: chromedriver=2.44.609538 (b655c5a60b0b544917107a59d4153d4bf78e1b90),platform=Windows NT 6.1.7601 SP1 x86_64) (WARNING: The server did not provide any stacktrace information)
Command duration or timeout: 30.06 seconds
For documentation on this error, please visit: http://seleniumhq.org/exceptions/no_such_element.html
Build info: version: 'unknown', revision: 'unknown', time: 'unknown'
System info: host: 'UKPC32766', ip: '192.168.28.178', os.name: 'Windows 7', os.arch: 'amd64', os.version: '6.1', java.version: '1.8.0_25'
Driver info: org.openqa.selenium.chrome.ChromeDriver
Capabilities [{mobileEmulationEnabled=false, hasTouchScreen=false, platform=XP, acceptSslCerts=false, goog:chromeOptions={debuggerAddress=localhost:62050}, acceptInsecureCerts=false, webStorageEnabled=true, browserName=chrome, takesScreenshot=true, javascriptEnabled=true, setWindowRect=true, unexpectedAlertBehaviour=ignore, applicationCacheEnabled=false, rotatable=false, networkConnectionEnabled=false, chrome={chromedriverVersion=2.44.609538 (b655c5a60b0b544917107a59d4153d4bf78e1b90), userDataDir=C:\Users\kawalig1\AppData\Local\Temp\scoped_dir14944_30864}, takesHeapSnapshot=true, pageLoadStrategy=normal, databaseEnabled=false, handlesAlerts=true, version=71.0.3578.80, browserConnectionEnabled=false, nativeEvents=true, locationContextEnabled=true, cssSelectorsEnabled=true}]
Session ID: 9cd4c038b9898d94e73be8c2fbe3d821
*** Element info: {Using=xpath, value=.//*[@id='navigation']/li[3]/span/a}
	at org.openqa.selenium.remote.ErrorHandler.createThrowable(ErrorHandler.java:204)
	at org.openqa.selenium.remote.ErrorHandler.throwIfResponseFailed(ErrorHandler.java:156)
	at org.openqa.selenium.remote.RemoteWebDriver.execute(RemoteWebDriver.java:599)
	at org.openqa.selenium.remote.RemoteWebDriver.findElement(RemoteWebDriver.java:352)
	at org.openqa.selenium.remote.RemoteWebDriver.findElementByXPath(RemoteWebDriver.java:449)
	at org.openqa.selenium.By$ByXPath.findElement(By.java:357)
	at org.openqa.selenium.remote.RemoteWebDriver.findElement(RemoteWebDriver.java:344)
	at Clarity1_3.ATS001Memberwithnotaxdata.test0202ATS001Memberwithnotaxdata(ATS001Memberwithnotaxdata.java:31)
... Removed 29 stack frames]]>
    </failure>
  </testcase> <!-- test0202ATS001Memberwithnotaxdata -->
  <testcase name="test0202ATS003MemberwithtaxdataotherthanPrevioustaxyear" time="34.711" classname="Clarity1_3.ATS003MemberwithtaxdataotherthanPrevioustaxyear">
    <failure type="org.openqa.selenium.NoSuchElementException" message="no such element: Unable to locate element: {&amp;quot;method&amp;quot;:&amp;quot;xpath&amp;quot;,&amp;quot;selector&amp;quot;:&amp;quot;.//*[@id=&amp;apos;navigation&amp;apos;]/li[3]/span/a&amp;quot;}
  (Session info: chrome=71.0.3578.80)
  (Driver info: chromedriver=2.44.609538 (b655c5a60b0b544917107a59d4153d4bf78e1b90),platform=Windows NT 6.1.7601 SP1 x86_64) (WARNING: The server did not provide any stacktrace information)
Command duration or timeout: 30.05 seconds
For documentation on this error, please visit: http://seleniumhq.org/exceptions/no_such_element.html
Build info: version: &amp;apos;unknown&amp;apos;, revision: &amp;apos;unknown&amp;apos;, time: &amp;apos;unknown&amp;apos;
System info: host: &amp;apos;UKPC32766&amp;apos;, ip: &amp;apos;192.168.28.178&amp;apos;, os.name: &amp;apos;Windows 7&amp;apos;, os.arch: &amp;apos;amd64&amp;apos;, os.version: &amp;apos;6.1&amp;apos;, java.version: &amp;apos;1.8.0_25&amp;apos;
Driver info: org.openqa.selenium.chrome.ChromeDriver
Capabilities [{mobileEmulationEnabled=false, hasTouchScreen=false, platform=XP, acceptSslCerts=false, goog:chromeOptions={debuggerAddress=localhost:62081}, acceptInsecureCerts=false, webStorageEnabled=true, browserName=chrome, takesScreenshot=true, javascriptEnabled=true, setWindowRect=true, unexpectedAlertBehaviour=ignore, applicationCacheEnabled=false, rotatable=false, networkConnectionEnabled=false, chrome={chromedriverVersion=2.44.609538 (b655c5a60b0b544917107a59d4153d4bf78e1b90), userDataDir=C:\Users\kawalig1\AppData\Local\Temp\scoped_dir11212_20908}, takesHeapSnapshot=true, pageLoadStrategy=normal, databaseEnabled=false, handlesAlerts=true, version=71.0.3578.80, browserConnectionEnabled=false, nativeEvents=true, locationContextEnabled=true, cssSelectorsEnabled=true}]
Session ID: 8b946bcb5d9cba77672ebc0d9f4aaea1
*** Element info: {Using=xpath, value=.//*[@id=&amp;apos;navigation&amp;apos;]/li[3]/span/a}">
      <![CDATA[org.openqa.selenium.NoSuchElementException: no such element: Unable to locate element: {"method":"xpath","selector":".//*[@id='navigation']/li[3]/span/a"}
  (Session info: chrome=71.0.3578.80)
  (Driver info: chromedriver=2.44.609538 (b655c5a60b0b544917107a59d4153d4bf78e1b90),platform=Windows NT 6.1.7601 SP1 x86_64) (WARNING: The server did not provide any stacktrace information)
Command duration or timeout: 30.05 seconds
For documentation on this error, please visit: http://seleniumhq.org/exceptions/no_such_element.html
Build info: version: 'unknown', revision: 'unknown', time: 'unknown'
System info: host: 'UKPC32766', ip: '192.168.28.178', os.name: 'Windows 7', os.arch: 'amd64', os.version: '6.1', java.version: '1.8.0_25'
Driver info: org.openqa.selenium.chrome.ChromeDriver
Capabilities [{mobileEmulationEnabled=false, hasTouchScreen=false, platform=XP, acceptSslCerts=false, goog:chromeOptions={debuggerAddress=localhost:62081}, acceptInsecureCerts=false, webStorageEnabled=true, browserName=chrome, takesScreenshot=true, javascriptEnabled=true, setWindowRect=true, unexpectedAlertBehaviour=ignore, applicationCacheEnabled=false, rotatable=false, networkConnectionEnabled=false, chrome={chromedriverVersion=2.44.609538 (b655c5a60b0b544917107a59d4153d4bf78e1b90), userDataDir=C:\Users\kawalig1\AppData\Local\Temp\scoped_dir11212_20908}, takesHeapSnapshot=true, pageLoadStrategy=normal, databaseEnabled=false, handlesAlerts=true, version=71.0.3578.80, browserConnectionEnabled=false, nativeEvents=true, locationContextEnabled=true, cssSelectorsEnabled=true}]
Session ID: 8b946bcb5d9cba77672ebc0d9f4aaea1
*** Element info: {Using=xpath, value=.//*[@id='navigation']/li[3]/span/a}
	at org.openqa.selenium.remote.ErrorHandler.createThrowable(ErrorHandler.java:204)
	at org.openqa.selenium.remote.ErrorHandler.throwIfResponseFailed(ErrorHandler.java:156)
	at org.openqa.selenium.remote.RemoteWebDriver.execute(RemoteWebDriver.java:599)
	at org.openqa.selenium.remote.RemoteWebDriver.findElement(RemoteWebDriver.java:352)
	at org.openqa.selenium.remote.RemoteWebDriver.findElementByXPath(RemoteWebDriver.java:449)
	at org.openqa.selenium.By$ByXPath.findElement(By.java:357)
	at org.openqa.selenium.remote.RemoteWebDriver.findElement(RemoteWebDriver.java:344)
	at Clarity1_3.ATS003MemberwithtaxdataotherthanPrevioustaxyear.test0202ATS003MemberwithtaxdataotherthanPrevioustaxyear(ATS003MemberwithtaxdataotherthanPrevioustaxyear.java:32)
... Removed 29 stack frames]]>
    </failure>
  </testcase> <!-- test0202ATS003MemberwithtaxdataotherthanPrevioustaxyear -->
  <testcase name="test0202ATS004MemberwithtaxdatainthePrevioustaxyears" time="34.561" classname="Clarity1_3.ATS004MemberwithtaxdatainthePrevioustaxyears">
    <failure type="org.openqa.selenium.NoSuchElementException" message="no such element: Unable to locate element: {&amp;quot;method&amp;quot;:&amp;quot;xpath&amp;quot;,&amp;quot;selector&amp;quot;:&amp;quot;.//*[@id=&amp;apos;navigation&amp;apos;]/li[3]/span/a&amp;quot;}
  (Session info: chrome=71.0.3578.80)
  (Driver info: chromedriver=2.44.609538 (b655c5a60b0b544917107a59d4153d4bf78e1b90),platform=Windows NT 6.1.7601 SP1 x86_64) (WARNING: The server did not provide any stacktrace information)
Command duration or timeout: 30.02 seconds
For documentation on this error, please visit: http://seleniumhq.org/exceptions/no_such_element.html
Build info: version: &amp;apos;unknown&amp;apos;, revision: &amp;apos;unknown&amp;apos;, time: &amp;apos;unknown&amp;apos;
System info: host: &amp;apos;UKPC32766&amp;apos;, ip: &amp;apos;192.168.28.178&amp;apos;, os.name: &amp;apos;Windows 7&amp;apos;, os.arch: &amp;apos;amd64&amp;apos;, os.version: &amp;apos;6.1&amp;apos;, java.version: &amp;apos;1.8.0_25&amp;apos;
Driver info: org.openqa.selenium.chrome.ChromeDriver
Capabilities [{mobileEmulationEnabled=false, hasTouchScreen=false, platform=XP, acceptSslCerts=false, goog:chromeOptions={debuggerAddress=localhost:62113}, acceptInsecureCerts=false, webStorageEnabled=true, browserName=chrome, takesScreenshot=true, javascriptEnabled=true, setWindowRect=true, unexpectedAlertBehaviour=ignore, applicationCacheEnabled=false, rotatable=false, networkConnectionEnabled=false, chrome={chromedriverVersion=2.44.609538 (b655c5a60b0b544917107a59d4153d4bf78e1b90), userDataDir=C:\Users\kawalig1\AppData\Local\Temp\scoped_dir20112_26090}, takesHeapSnapshot=true, pageLoadStrategy=normal, databaseEnabled=false, handlesAlerts=true, version=71.0.3578.80, browserConnectionEnabled=false, nativeEvents=true, locationContextEnabled=true, cssSelectorsEnabled=true}]
Session ID: eaf8c00d7824ba064d6751aed1988a00
*** Element info: {Using=xpath, value=.//*[@id=&amp;apos;navigation&amp;apos;]/li[3]/span/a}">
      <![CDATA[org.openqa.selenium.NoSuchElementException: no such element: Unable to locate element: {"method":"xpath","selector":".//*[@id='navigation']/li[3]/span/a"}
  (Session info: chrome=71.0.3578.80)
  (Driver info: chromedriver=2.44.609538 (b655c5a60b0b544917107a59d4153d4bf78e1b90),platform=Windows NT 6.1.7601 SP1 x86_64) (WARNING: The server did not provide any stacktrace information)
Command duration or timeout: 30.02 seconds
For documentation on this error, please visit: http://seleniumhq.org/exceptions/no_such_element.html
Build info: version: 'unknown', revision: 'unknown', time: 'unknown'
System info: host: 'UKPC32766', ip: '192.168.28.178', os.name: 'Windows 7', os.arch: 'amd64', os.version: '6.1', java.version: '1.8.0_25'
Driver info: org.openqa.selenium.chrome.ChromeDriver
Capabilities [{mobileEmulationEnabled=false, hasTouchScreen=false, platform=XP, acceptSslCerts=false, goog:chromeOptions={debuggerAddress=localhost:62113}, acceptInsecureCerts=false, webStorageEnabled=true, browserName=chrome, takesScreenshot=true, javascriptEnabled=true, setWindowRect=true, unexpectedAlertBehaviour=ignore, applicationCacheEnabled=false, rotatable=false, networkConnectionEnabled=false, chrome={chromedriverVersion=2.44.609538 (b655c5a60b0b544917107a59d4153d4bf78e1b90), userDataDir=C:\Users\kawalig1\AppData\Local\Temp\scoped_dir20112_26090}, takesHeapSnapshot=true, pageLoadStrategy=normal, databaseEnabled=false, handlesAlerts=true, version=71.0.3578.80, browserConnectionEnabled=false, nativeEvents=true, locationContextEnabled=true, cssSelectorsEnabled=true}]
Session ID: eaf8c00d7824ba064d6751aed1988a00
*** Element info: {Using=xpath, value=.//*[@id='navigation']/li[3]/span/a}
	at org.openqa.selenium.remote.ErrorHandler.createThrowable(ErrorHandler.java:204)
	at org.openqa.selenium.remote.ErrorHandler.throwIfResponseFailed(ErrorHandler.java:156)
	at org.openqa.selenium.remote.RemoteWebDriver.execute(RemoteWebDriver.java:599)
	at org.openqa.selenium.remote.RemoteWebDriver.findElement(RemoteWebDriver.java:352)
	at org.openqa.selenium.remote.RemoteWebDriver.findElementByXPath(RemoteWebDriver.java:449)
	at org.openqa.selenium.By$ByXPath.findElement(By.java:357)
	at org.openqa.selenium.remote.RemoteWebDriver.findElement(RemoteWebDriver.java:344)
	at Clarity1_3.ATS004MemberwithtaxdatainthePrevioustaxyears.test0202ATS004MemberwithtaxdatainthePrevioustaxyears(ATS004MemberwithtaxdatainthePrevioustaxyears.java:32)
... Removed 29 stack frames]]>
    </failure>
  </testcase> <!-- test0202ATS004MemberwithtaxdatainthePrevioustaxyears -->
  <testcase name="test0202ATS005Memberwithnegativevalueinthetaxdedutedcolumn" time="34.684" classname="Clarity1_3.ATS005Memberwithnegativevalueinthetaxdedutedcolumn">
    <failure type="org.openqa.selenium.NoSuchElementException" message="no such element: Unable to locate element: {&amp;quot;method&amp;quot;:&amp;quot;xpath&amp;quot;,&amp;quot;selector&amp;quot;:&amp;quot;.//*[@id=&amp;apos;navigation&amp;apos;]/li[3]/span/a&amp;quot;}
  (Session info: chrome=71.0.3578.80)
  (Driver info: chromedriver=2.44.609538 (b655c5a60b0b544917107a59d4153d4bf78e1b90),platform=Windows NT 6.1.7601 SP1 x86_64) (WARNING: The server did not provide any stacktrace information)
Command duration or timeout: 30.04 seconds
For documentation on this error, please visit: http://seleniumhq.org/exceptions/no_such_element.html
Build info: version: &amp;apos;unknown&amp;apos;, revision: &amp;apos;unknown&amp;apos;, time: &amp;apos;unknown&amp;apos;
System info: host: &amp;apos;UKPC32766&amp;apos;, ip: &amp;apos;192.168.28.178&amp;apos;, os.name: &amp;apos;Windows 7&amp;apos;, os.arch: &amp;apos;amd64&amp;apos;, os.version: &amp;apos;6.1&amp;apos;, java.version: &amp;apos;1.8.0_25&amp;apos;
Driver info: org.openqa.selenium.chrome.ChromeDriver
Capabilities [{mobileEmulationEnabled=false, hasTouchScreen=false, platform=XP, acceptSslCerts=false, goog:chromeOptions={debuggerAddress=localhost:62146}, acceptInsecureCerts=false, webStorageEnabled=true, browserName=chrome, takesScreenshot=true, javascriptEnabled=true, setWindowRect=true, unexpectedAlertBehaviour=ignore, applicationCacheEnabled=false, rotatable=false, networkConnectionEnabled=false, chrome={chromedriverVersion=2.44.609538 (b655c5a60b0b544917107a59d4153d4bf78e1b90), userDataDir=C:\Users\kawalig1\AppData\Local\Temp\scoped_dir14328_17026}, takesHeapSnapshot=true, pageLoadStrategy=normal, databaseEnabled=false, handlesAlerts=true, version=71.0.3578.80, browserConnectionEnabled=false, nativeEvents=true, locationContextEnabled=true, cssSelectorsEnabled=true}]
Session ID: bef346059645ecc02ff434d7dd55a108
*** Element info: {Using=xpath, value=.//*[@id=&amp;apos;navigation&amp;apos;]/li[3]/span/a}">
      <![CDATA[org.openqa.selenium.NoSuchElementException: no such element: Unable to locate element: {"method":"xpath","selector":".//*[@id='navigation']/li[3]/span/a"}
  (Session info: chrome=71.0.3578.80)
  (Driver info: chromedriver=2.44.609538 (b655c5a60b0b544917107a59d4153d4bf78e1b90),platform=Windows NT 6.1.7601 SP1 x86_64) (WARNING: The server did not provide any stacktrace information)
Command duration or timeout: 30.04 seconds
For documentation on this error, please visit: http://seleniumhq.org/exceptions/no_such_element.html
Build info: version: 'unknown', revision: 'unknown', time: 'unknown'
System info: host: 'UKPC32766', ip: '192.168.28.178', os.name: 'Windows 7', os.arch: 'amd64', os.version: '6.1', java.version: '1.8.0_25'
Driver info: org.openqa.selenium.chrome.ChromeDriver
Capabilities [{mobileEmulationEnabled=false, hasTouchScreen=false, platform=XP, acceptSslCerts=false, goog:chromeOptions={debuggerAddress=localhost:62146}, acceptInsecureCerts=false, webStorageEnabled=true, browserName=chrome, takesScreenshot=true, javascriptEnabled=true, setWindowRect=true, unexpectedAlertBehaviour=ignore, applicationCacheEnabled=false, rotatable=false, networkConnectionEnabled=false, chrome={chromedriverVersion=2.44.609538 (b655c5a60b0b544917107a59d4153d4bf78e1b90), userDataDir=C:\Users\kawalig1\AppData\Local\Temp\scoped_dir14328_17026}, takesHeapSnapshot=true, pageLoadStrategy=normal, databaseEnabled=false, handlesAlerts=true, version=71.0.3578.80, browserConnectionEnabled=false, nativeEvents=true, locationContextEnabled=true, cssSelectorsEnabled=true}]
Session ID: bef346059645ecc02ff434d7dd55a108
*** Element info: {Using=xpath, value=.//*[@id='navigation']/li[3]/span/a}
	at org.openqa.selenium.remote.ErrorHandler.createThrowable(ErrorHandler.java:204)
	at org.openqa.selenium.remote.ErrorHandler.throwIfResponseFailed(ErrorHandler.java:156)
	at org.openqa.selenium.remote.RemoteWebDriver.execute(RemoteWebDriver.java:599)
	at org.openqa.selenium.remote.RemoteWebDriver.findElement(RemoteWebDriver.java:352)
	at org.openqa.selenium.remote.RemoteWebDriver.findElementByXPath(RemoteWebDriver.java:449)
	at org.openqa.selenium.By$ByXPath.findElement(By.java:357)
	at org.openqa.selenium.remote.RemoteWebDriver.findElement(RemoteWebDriver.java:344)
	at Clarity1_3.ATS005Memberwithnegativevalueinthetaxdedutedcolumn.test0202ATS005Memberwithnegativevalueinthetaxdedutedcolumn(ATS005Memberwithnegativevalueinthetaxdedutedcolumn.java:32)
... Removed 29 stack frames]]>
    </failure>
  </testcase> <!-- test0202ATS005Memberwithnegativevalueinthetaxdedutedcolumn -->
  <testcase name="test0202ATS006Memberwithtaxdatainthecurrenttaxyear" time="35.228" classname="Clarity1_3.ATS006Memberwithtaxdatainthecurrenttaxyear">
    <failure type="org.openqa.selenium.NoSuchElementException" message="no such element: Unable to locate element: {&amp;quot;method&amp;quot;:&amp;quot;xpath&amp;quot;,&amp;quot;selector&amp;quot;:&amp;quot;.//*[@id=&amp;apos;navigation&amp;apos;]/li[3]/span/a&amp;quot;}
  (Session info: chrome=71.0.3578.80)
  (Driver info: chromedriver=2.44.609538 (b655c5a60b0b544917107a59d4153d4bf78e1b90),platform=Windows NT 6.1.7601 SP1 x86_64) (WARNING: The server did not provide any stacktrace information)
Command duration or timeout: 30.07 seconds
For documentation on this error, please visit: http://seleniumhq.org/exceptions/no_such_element.html
Build info: version: &amp;apos;unknown&amp;apos;, revision: &amp;apos;unknown&amp;apos;, time: &amp;apos;unknown&amp;apos;
System info: host: &amp;apos;UKPC32766&amp;apos;, ip: &amp;apos;192.168.28.178&amp;apos;, os.name: &amp;apos;Windows 7&amp;apos;, os.arch: &amp;apos;amd64&amp;apos;, os.version: &amp;apos;6.1&amp;apos;, java.version: &amp;apos;1.8.0_25&amp;apos;
Driver info: org.openqa.selenium.chrome.ChromeDriver
Capabilities [{mobileEmulationEnabled=false, hasTouchScreen=false, platform=XP, acceptSslCerts=false, goog:chromeOptions={debuggerAddress=localhost:62178}, acceptInsecureCerts=false, webStorageEnabled=true, browserName=chrome, takesScreenshot=true, javascriptEnabled=true, setWindowRect=true, unexpectedAlertBehaviour=ignore, applicationCacheEnabled=false, rotatable=false, networkConnectionEnabled=false, chrome={chromedriverVersion=2.44.609538 (b655c5a60b0b544917107a59d4153d4bf78e1b90), userDataDir=C:\Users\kawalig1\AppData\Local\Temp\scoped_dir20688_26773}, takesHeapSnapshot=true, pageLoadStrategy=normal, databaseEnabled=false, handlesAlerts=true, version=71.0.3578.80, browserConnectionEnabled=false, nativeEvents=true, locationContextEnabled=true, cssSelectorsEnabled=true}]
Session ID: 30b9c66bde42145f051be47f1b100b30
*** Element info: {Using=xpath, value=.//*[@id=&amp;apos;navigation&amp;apos;]/li[3]/span/a}">
      <![CDATA[org.openqa.selenium.NoSuchElementException: no such element: Unable to locate element: {"method":"xpath","selector":".//*[@id='navigation']/li[3]/span/a"}
  (Session info: chrome=71.0.3578.80)
  (Driver info: chromedriver=2.44.609538 (b655c5a60b0b544917107a59d4153d4bf78e1b90),platform=Windows NT 6.1.7601 SP1 x86_64) (WARNING: The server did not provide any stacktrace information)
Command duration or timeout: 30.07 seconds
For documentation on this error, please visit: http://seleniumhq.org/exceptions/no_such_element.html
Build info: version: 'unknown', revision: 'unknown', time: 'unknown'
System info: host: 'UKPC32766', ip: '192.168.28.178', os.name: 'Windows 7', os.arch: 'amd64', os.version: '6.1', java.version: '1.8.0_25'
Driver info: org.openqa.selenium.chrome.ChromeDriver
Capabilities [{mobileEmulationEnabled=false, hasTouchScreen=false, platform=XP, acceptSslCerts=false, goog:chromeOptions={debuggerAddress=localhost:62178}, acceptInsecureCerts=false, webStorageEnabled=true, browserName=chrome, takesScreenshot=true, javascriptEnabled=true, setWindowRect=true, unexpectedAlertBehaviour=ignore, applicationCacheEnabled=false, rotatable=false, networkConnectionEnabled=false, chrome={chromedriverVersion=2.44.609538 (b655c5a60b0b544917107a59d4153d4bf78e1b90), userDataDir=C:\Users\kawalig1\AppData\Local\Temp\scoped_dir20688_26773}, takesHeapSnapshot=true, pageLoadStrategy=normal, databaseEnabled=false, handlesAlerts=true, version=71.0.3578.80, browserConnectionEnabled=false, nativeEvents=true, locationContextEnabled=true, cssSelectorsEnabled=true}]
Session ID: 30b9c66bde42145f051be47f1b100b30
*** Element info: {Using=xpath, value=.//*[@id='navigation']/li[3]/span/a}
	at org.openqa.selenium.remote.ErrorHandler.createThrowable(ErrorHandler.java:204)
	at org.openqa.selenium.remote.ErrorHandler.throwIfResponseFailed(ErrorHandler.java:156)
	at org.openqa.selenium.remote.RemoteWebDriver.execute(RemoteWebDriver.java:599)
	at org.openqa.selenium.remote.RemoteWebDriver.findElement(RemoteWebDriver.java:352)
	at org.openqa.selenium.remote.RemoteWebDriver.findElementByXPath(RemoteWebDriver.java:449)
	at org.openqa.selenium.By$ByXPath.findElement(By.java:357)
	at org.openqa.selenium.remote.RemoteWebDriver.findElement(RemoteWebDriver.java:344)
	at Clarity1_3.ATS006Memberwithtaxdatainthecurrenttaxyear.test0202ATS006Memberwithtaxdatainthecurrenttaxyear(ATS006Memberwithtaxdatainthecurrenttaxyear.java:31)
... Removed 29 stack frames]]>
    </failure>
  </testcase> <!-- test0202ATS006Memberwithtaxdatainthecurrenttaxyear -->
  <testcase name="test0202ATS007Memberwithmorethantwotaxdatainthesameyear" time="34.641" classname="Clarity1_3.ATS007Memberwithmorethantwotaxdatainthesameyear">
    <failure type="org.openqa.selenium.NoSuchElementException" message="no such element: Unable to locate element: {&amp;quot;method&amp;quot;:&amp;quot;xpath&amp;quot;,&amp;quot;selector&amp;quot;:&amp;quot;.//*[@id=&amp;apos;navigation&amp;apos;]/li[3]/span/a&amp;quot;}
  (Session info: chrome=71.0.3578.80)
  (Driver info: chromedriver=2.44.609538 (b655c5a60b0b544917107a59d4153d4bf78e1b90),platform=Windows NT 6.1.7601 SP1 x86_64) (WARNING: The server did not provide any stacktrace information)
Command duration or timeout: 30.03 seconds
For documentation on this error, please visit: http://seleniumhq.org/exceptions/no_such_element.html
Build info: version: &amp;apos;unknown&amp;apos;, revision: &amp;apos;unknown&amp;apos;, time: &amp;apos;unknown&amp;apos;
System info: host: &amp;apos;UKPC32766&amp;apos;, ip: &amp;apos;192.168.28.178&amp;apos;, os.name: &amp;apos;Windows 7&amp;apos;, os.arch: &amp;apos;amd64&amp;apos;, os.version: &amp;apos;6.1&amp;apos;, java.version: &amp;apos;1.8.0_25&amp;apos;
Driver info: org.openqa.selenium.chrome.ChromeDriver
Capabilities [{mobileEmulationEnabled=false, hasTouchScreen=false, platform=XP, acceptSslCerts=false, goog:chromeOptions={debuggerAddress=localhost:62219}, acceptInsecureCerts=false, webStorageEnabled=true, browserName=chrome, takesScreenshot=true, javascriptEnabled=true, setWindowRect=true, unexpectedAlertBehaviour=ignore, applicationCacheEnabled=false, rotatable=false, networkConnectionEnabled=false, chrome={chromedriverVersion=2.44.609538 (b655c5a60b0b544917107a59d4153d4bf78e1b90), userDataDir=C:\Users\kawalig1\AppData\Local\Temp\scoped_dir20352_6612}, takesHeapSnapshot=true, pageLoadStrategy=normal, databaseEnabled=false, handlesAlerts=true, version=71.0.3578.80, browserConnectionEnabled=false, nativeEvents=true, locationContextEnabled=true, cssSelectorsEnabled=true}]
Session ID: a23ee90e86d236cb5a1a8c02a576ffc3
*** Element info: {Using=xpath, value=.//*[@id=&amp;apos;navigation&amp;apos;]/li[3]/span/a}">
      <![CDATA[org.openqa.selenium.NoSuchElementException: no such element: Unable to locate element: {"method":"xpath","selector":".//*[@id='navigation']/li[3]/span/a"}
  (Session info: chrome=71.0.3578.80)
  (Driver info: chromedriver=2.44.609538 (b655c5a60b0b544917107a59d4153d4bf78e1b90),platform=Windows NT 6.1.7601 SP1 x86_64) (WARNING: The server did not provide any stacktrace information)
Command duration or timeout: 30.03 seconds
For documentation on this error, please visit: http://seleniumhq.org/exceptions/no_such_element.html
Build info: version: 'unknown', revision: 'unknown', time: 'unknown'
System info: host: 'UKPC32766', ip: '192.168.28.178', os.name: 'Windows 7', os.arch: 'amd64', os.version: '6.1', java.version: '1.8.0_25'
Driver info: org.openqa.selenium.chrome.ChromeDriver
Capabilities [{mobileEmulationEnabled=false, hasTouchScreen=false, platform=XP, acceptSslCerts=false, goog:chromeOptions={debuggerAddress=localhost:62219}, acceptInsecureCerts=false, webStorageEnabled=true, browserName=chrome, takesScreenshot=true, javascriptEnabled=true, setWindowRect=true, unexpectedAlertBehaviour=ignore, applicationCacheEnabled=false, rotatable=false, networkConnectionEnabled=false, chrome={chromedriverVersion=2.44.609538 (b655c5a60b0b544917107a59d4153d4bf78e1b90), userDataDir=C:\Users\kawalig1\AppData\Local\Temp\scoped_dir20352_6612}, takesHeapSnapshot=true, pageLoadStrategy=normal, databaseEnabled=false, handlesAlerts=true, version=71.0.3578.80, browserConnectionEnabled=false, nativeEvents=true, locationContextEnabled=true, cssSelectorsEnabled=true}]
Session ID: a23ee90e86d236cb5a1a8c02a576ffc3
*** Element info: {Using=xpath, value=.//*[@id='navigation']/li[3]/span/a}
	at org.openqa.selenium.remote.ErrorHandler.createThrowable(ErrorHandler.java:204)
	at org.openqa.selenium.remote.ErrorHandler.throwIfResponseFailed(ErrorHandler.java:156)
	at org.openqa.selenium.remote.RemoteWebDriver.execute(RemoteWebDriver.java:599)
	at org.openqa.selenium.remote.RemoteWebDriver.findElement(RemoteWebDriver.java:352)
	at org.openqa.selenium.remote.RemoteWebDriver.findElementByXPath(RemoteWebDriver.java:449)
	at org.openqa.selenium.By$ByXPath.findElement(By.java:357)
	at org.openqa.selenium.remote.RemoteWebDriver.findElement(RemoteWebDriver.java:344)
	at Clarity1_3.ATS007Memberwithmorethantwotaxdatainthesameyear.test0202ATS007Memberwithmorethantwotaxdatainthesameyear(ATS007Memberwithmorethantwotaxdatainthesameyear.java:32)
... Removed 29 stack frames]]>
    </failure>
  </testcase> <!-- test0202ATS007Memberwithmorethantwotaxdatainthesameyear -->
  <testcase name="test0204ATS001VerifyAboutmepageforinpayuser" time="34.39" classname="Clarity1_3.ATS001VerifyAboutmepageforinpayuser">
    <failure type="org.openqa.selenium.NoSuchElementException" message="no such element: Unable to locate element: {&amp;quot;method&amp;quot;:&amp;quot;xpath&amp;quot;,&amp;quot;selector&amp;quot;:&amp;quot;.//*[@id=&amp;apos;navigation&amp;apos;]/li[4]/span/a&amp;quot;}
  (Session info: chrome=71.0.3578.80)
  (Driver info: chromedriver=2.44.609538 (b655c5a60b0b544917107a59d4153d4bf78e1b90),platform=Windows NT 6.1.7601 SP1 x86_64) (WARNING: The server did not provide any stacktrace information)
Command duration or timeout: 30.03 seconds
For documentation on this error, please visit: http://seleniumhq.org/exceptions/no_such_element.html
Build info: version: &amp;apos;unknown&amp;apos;, revision: &amp;apos;unknown&amp;apos;, time: &amp;apos;unknown&amp;apos;
System info: host: &amp;apos;UKPC32766&amp;apos;, ip: &amp;apos;192.168.28.178&amp;apos;, os.name: &amp;apos;Windows 7&amp;apos;, os.arch: &amp;apos;amd64&amp;apos;, os.version: &amp;apos;6.1&amp;apos;, java.version: &amp;apos;1.8.0_25&amp;apos;
Driver info: org.openqa.selenium.chrome.ChromeDriver
Capabilities [{mobileEmulationEnabled=false, hasTouchScreen=false, platform=XP, acceptSslCerts=false, goog:chromeOptions={debuggerAddress=localhost:62254}, acceptInsecureCerts=false, webStorageEnabled=true, browserName=chrome, takesScreenshot=true, javascriptEnabled=true, setWindowRect=true, unexpectedAlertBehaviour=ignore, applicationCacheEnabled=false, rotatable=false, networkConnectionEnabled=false, chrome={chromedriverVersion=2.44.609538 (b655c5a60b0b544917107a59d4153d4bf78e1b90), userDataDir=C:\Users\kawalig1\AppData\Local\Temp\scoped_dir19848_16156}, takesHeapSnapshot=true, pageLoadStrategy=normal, databaseEnabled=false, handlesAlerts=true, version=71.0.3578.80, browserConnectionEnabled=false, nativeEvents=true, locationContextEnabled=true, cssSelectorsEnabled=true}]
Session ID: 76a9fdff279f2ea2d4783b9630a34ac6
*** Element info: {Using=xpath, value=.//*[@id=&amp;apos;navigation&amp;apos;]/li[4]/span/a}">
      <![CDATA[org.openqa.selenium.NoSuchElementException: no such element: Unable to locate element: {"method":"xpath","selector":".//*[@id='navigation']/li[4]/span/a"}
  (Session info: chrome=71.0.3578.80)
  (Driver info: chromedriver=2.44.609538 (b655c5a60b0b544917107a59d4153d4bf78e1b90),platform=Windows NT 6.1.7601 SP1 x86_64) (WARNING: The server did not provide any stacktrace information)
Command duration or timeout: 30.03 seconds
For documentation on this error, please visit: http://seleniumhq.org/exceptions/no_such_element.html
Build info: version: 'unknown', revision: 'unknown', time: 'unknown'
System info: host: 'UKPC32766', ip: '192.168.28.178', os.name: 'Windows 7', os.arch: 'amd64', os.version: '6.1', java.version: '1.8.0_25'
Driver info: org.openqa.selenium.chrome.ChromeDriver
Capabilities [{mobileEmulationEnabled=false, hasTouchScreen=false, platform=XP, acceptSslCerts=false, goog:chromeOptions={debuggerAddress=localhost:62254}, acceptInsecureCerts=false, webStorageEnabled=true, browserName=chrome, takesScreenshot=true, javascriptEnabled=true, setWindowRect=true, unexpectedAlertBehaviour=ignore, applicationCacheEnabled=false, rotatable=false, networkConnectionEnabled=false, chrome={chromedriverVersion=2.44.609538 (b655c5a60b0b544917107a59d4153d4bf78e1b90), userDataDir=C:\Users\kawalig1\AppData\Local\Temp\scoped_dir19848_16156}, takesHeapSnapshot=true, pageLoadStrategy=normal, databaseEnabled=false, handlesAlerts=true, version=71.0.3578.80, browserConnectionEnabled=false, nativeEvents=true, locationContextEnabled=true, cssSelectorsEnabled=true}]
Session ID: 76a9fdff279f2ea2d4783b9630a34ac6
*** Element info: {Using=xpath, value=.//*[@id='navigation']/li[4]/span/a}
	at org.openqa.selenium.remote.ErrorHandler.createThrowable(ErrorHandler.java:204)
	at org.openqa.selenium.remote.ErrorHandler.throwIfResponseFailed(ErrorHandler.java:156)
	at org.openqa.selenium.remote.RemoteWebDriver.execute(RemoteWebDriver.java:599)
	at org.openqa.selenium.remote.RemoteWebDriver.findElement(RemoteWebDriver.java:352)
	at org.openqa.selenium.remote.RemoteWebDriver.findElementByXPath(RemoteWebDriver.java:449)
	at org.openqa.selenium.By$ByXPath.findElement(By.java:357)
	at org.openqa.selenium.remote.RemoteWebDriver.findElement(RemoteWebDriver.java:344)
	at Clarity1_3.ATS001VerifyAboutmepageforinpayuser.test0204ATS001VerifyAboutmepageforinpayuser(ATS001VerifyAboutmepageforinpayuser.java:32)
... Removed 29 stack frames]]>
    </failure>
  </testcase> <!-- test0204ATS001VerifyAboutmepageforinpayuser -->
  <testcase name="test0204ATS002VerifyAboutmymembershipforinpayuser" time="35.06" classname="Clarity1_3.ATS002VerifyAboutmymembershipforinpayuser">
    <failure type="org.openqa.selenium.NoSuchElementException" message="no such element: Unable to locate element: {&amp;quot;method&amp;quot;:&amp;quot;xpath&amp;quot;,&amp;quot;selector&amp;quot;:&amp;quot;.//*[@id=&amp;apos;navigation&amp;apos;]/li[4]/span/a&amp;quot;}
  (Session info: chrome=71.0.3578.80)
  (Driver info: chromedriver=2.44.609538 (b655c5a60b0b544917107a59d4153d4bf78e1b90),platform=Windows NT 6.1.7601 SP1 x86_64) (WARNING: The server did not provide any stacktrace information)
Command duration or timeout: 30.04 seconds
For documentation on this error, please visit: http://seleniumhq.org/exceptions/no_such_element.html
Build info: version: &amp;apos;unknown&amp;apos;, revision: &amp;apos;unknown&amp;apos;, time: &amp;apos;unknown&amp;apos;
System info: host: &amp;apos;UKPC32766&amp;apos;, ip: &amp;apos;192.168.28.178&amp;apos;, os.name: &amp;apos;Windows 7&amp;apos;, os.arch: &amp;apos;amd64&amp;apos;, os.version: &amp;apos;6.1&amp;apos;, java.version: &amp;apos;1.8.0_25&amp;apos;
Driver info: org.openqa.selenium.chrome.ChromeDriver
Capabilities [{mobileEmulationEnabled=false, hasTouchScreen=false, platform=XP, acceptSslCerts=false, goog:chromeOptions={debuggerAddress=localhost:62284}, acceptInsecureCerts=false, webStorageEnabled=true, browserName=chrome, takesScreenshot=true, javascriptEnabled=true, setWindowRect=true, unexpectedAlertBehaviour=ignore, applicationCacheEnabled=false, rotatable=false, networkConnectionEnabled=false, chrome={chromedriverVersion=2.44.609538 (b655c5a60b0b544917107a59d4153d4bf78e1b90), userDataDir=C:\Users\kawalig1\AppData\Local\Temp\scoped_dir4436_30124}, takesHeapSnapshot=true, pageLoadStrategy=normal, databaseEnabled=false, handlesAlerts=true, version=71.0.3578.80, browserConnectionEnabled=false, nativeEvents=true, locationContextEnabled=true, cssSelectorsEnabled=true}]
Session ID: e4085831db9c0f062b09898eef1ac2c9
*** Element info: {Using=xpath, value=.//*[@id=&amp;apos;navigation&amp;apos;]/li[4]/span/a}">
      <![CDATA[org.openqa.selenium.NoSuchElementException: no such element: Unable to locate element: {"method":"xpath","selector":".//*[@id='navigation']/li[4]/span/a"}
  (Session info: chrome=71.0.3578.80)
  (Driver info: chromedriver=2.44.609538 (b655c5a60b0b544917107a59d4153d4bf78e1b90),platform=Windows NT 6.1.7601 SP1 x86_64) (WARNING: The server did not provide any stacktrace information)
Command duration or timeout: 30.04 seconds
For documentation on this error, please visit: http://seleniumhq.org/exceptions/no_such_element.html
Build info: version: 'unknown', revision: 'unknown', time: 'unknown'
System info: host: 'UKPC32766', ip: '192.168.28.178', os.name: 'Windows 7', os.arch: 'amd64', os.version: '6.1', java.version: '1.8.0_25'
Driver info: org.openqa.selenium.chrome.ChromeDriver
Capabilities [{mobileEmulationEnabled=false, hasTouchScreen=false, platform=XP, acceptSslCerts=false, goog:chromeOptions={debuggerAddress=localhost:62284}, acceptInsecureCerts=false, webStorageEnabled=true, browserName=chrome, takesScreenshot=true, javascriptEnabled=true, setWindowRect=true, unexpectedAlertBehaviour=ignore, applicationCacheEnabled=false, rotatable=false, networkConnectionEnabled=false, chrome={chromedriverVersion=2.44.609538 (b655c5a60b0b544917107a59d4153d4bf78e1b90), userDataDir=C:\Users\kawalig1\AppData\Local\Temp\scoped_dir4436_30124}, takesHeapSnapshot=true, pageLoadStrategy=normal, databaseEnabled=false, handlesAlerts=true, version=71.0.3578.80, browserConnectionEnabled=false, nativeEvents=true, locationContextEnabled=true, cssSelectorsEnabled=true}]
Session ID: e4085831db9c0f062b09898eef1ac2c9
*** Element info: {Using=xpath, value=.//*[@id='navigation']/li[4]/span/a}
	at org.openqa.selenium.remote.ErrorHandler.createThrowable(ErrorHandler.java:204)
	at org.openqa.selenium.remote.ErrorHandler.throwIfResponseFailed(ErrorHandler.java:156)
	at org.openqa.selenium.remote.RemoteWebDriver.execute(RemoteWebDriver.java:599)
	at org.openqa.selenium.remote.RemoteWebDriver.findElement(RemoteWebDriver.java:352)
	at org.openqa.selenium.remote.RemoteWebDriver.findElementByXPath(RemoteWebDriver.java:449)
	at org.openqa.selenium.By$ByXPath.findElement(By.java:357)
	at org.openqa.selenium.remote.RemoteWebDriver.findElement(RemoteWebDriver.java:344)
	at Clarity1_3.ATS002VerifyAboutmymembershipforinpayuser.test0204ATS002VerifyAboutmymembershipforinpayuser(ATS002VerifyAboutmymembershipforinpayuser.java:31)
... Removed 29 stack frames]]>
    </failure>
  </testcase> <!-- test0204ATS002VerifyAboutmymembershipforinpayuser -->
  <testcase name="test0204ATS003VerifyMyPaymentDetailspageformemberwhosehasonlybankdetails" time="34.553" classname="Clarity1_3.ATS003VerifyMyPaymentDetailspageformemberwhosehasonlybankdetails">
    <failure type="org.openqa.selenium.NoSuchElementException" message="no such element: Unable to locate element: {&amp;quot;method&amp;quot;:&amp;quot;xpath&amp;quot;,&amp;quot;selector&amp;quot;:&amp;quot;.//*[@id=&amp;apos;navigation&amp;apos;]/li[3]/span/a&amp;quot;}
  (Session info: chrome=71.0.3578.80)
  (Driver info: chromedriver=2.44.609538 (b655c5a60b0b544917107a59d4153d4bf78e1b90),platform=Windows NT 6.1.7601 SP1 x86_64) (WARNING: The server did not provide any stacktrace information)
Command duration or timeout: 30.02 seconds
For documentation on this error, please visit: http://seleniumhq.org/exceptions/no_such_element.html
Build info: version: &amp;apos;unknown&amp;apos;, revision: &amp;apos;unknown&amp;apos;, time: &amp;apos;unknown&amp;apos;
System info: host: &amp;apos;UKPC32766&amp;apos;, ip: &amp;apos;192.168.28.178&amp;apos;, os.name: &amp;apos;Windows 7&amp;apos;, os.arch: &amp;apos;amd64&amp;apos;, os.version: &amp;apos;6.1&amp;apos;, java.version: &amp;apos;1.8.0_25&amp;apos;
Driver info: org.openqa.selenium.chrome.ChromeDriver
Capabilities [{mobileEmulationEnabled=false, hasTouchScreen=false, platform=XP, acceptSslCerts=false, goog:chromeOptions={debuggerAddress=localhost:62316}, acceptInsecureCerts=false, webStorageEnabled=true, browserName=chrome, takesScreenshot=true, javascriptEnabled=true, setWindowRect=true, unexpectedAlertBehaviour=ignore, applicationCacheEnabled=false, rotatable=false, networkConnectionEnabled=false, chrome={chromedriverVersion=2.44.609538 (b655c5a60b0b544917107a59d4153d4bf78e1b90), userDataDir=C:\Users\kawalig1\AppData\Local\Temp\scoped_dir6680_32124}, takesHeapSnapshot=true, pageLoadStrategy=normal, databaseEnabled=false, handlesAlerts=true, version=71.0.3578.80, browserConnectionEnabled=false, nativeEvents=true, locationContextEnabled=true, cssSelectorsEnabled=true}]
Session ID: 9105d3f25317c0233798b1a8531a39ba
*** Element info: {Using=xpath, value=.//*[@id=&amp;apos;navigation&amp;apos;]/li[3]/span/a}">
      <![CDATA[org.openqa.selenium.NoSuchElementException: no such element: Unable to locate element: {"method":"xpath","selector":".//*[@id='navigation']/li[3]/span/a"}
  (Session info: chrome=71.0.3578.80)
  (Driver info: chromedriver=2.44.609538 (b655c5a60b0b544917107a59d4153d4bf78e1b90),platform=Windows NT 6.1.7601 SP1 x86_64) (WARNING: The server did not provide any stacktrace information)
Command duration or timeout: 30.02 seconds
For documentation on this error, please visit: http://seleniumhq.org/exceptions/no_such_element.html
Build info: version: 'unknown', revision: 'unknown', time: 'unknown'
System info: host: 'UKPC32766', ip: '192.168.28.178', os.name: 'Windows 7', os.arch: 'amd64', os.version: '6.1', java.version: '1.8.0_25'
Driver info: org.openqa.selenium.chrome.ChromeDriver
Capabilities [{mobileEmulationEnabled=false, hasTouchScreen=false, platform=XP, acceptSslCerts=false, goog:chromeOptions={debuggerAddress=localhost:62316}, acceptInsecureCerts=false, webStorageEnabled=true, browserName=chrome, takesScreenshot=true, javascriptEnabled=true, setWindowRect=true, unexpectedAlertBehaviour=ignore, applicationCacheEnabled=false, rotatable=false, networkConnectionEnabled=false, chrome={chromedriverVersion=2.44.609538 (b655c5a60b0b544917107a59d4153d4bf78e1b90), userDataDir=C:\Users\kawalig1\AppData\Local\Temp\scoped_dir6680_32124}, takesHeapSnapshot=true, pageLoadStrategy=normal, databaseEnabled=false, handlesAlerts=true, version=71.0.3578.80, browserConnectionEnabled=false, nativeEvents=true, locationContextEnabled=true, cssSelectorsEnabled=true}]
Session ID: 9105d3f25317c0233798b1a8531a39ba
*** Element info: {Using=xpath, value=.//*[@id='navigation']/li[3]/span/a}
	at org.openqa.selenium.remote.ErrorHandler.createThrowable(ErrorHandler.java:204)
	at org.openqa.selenium.remote.ErrorHandler.throwIfResponseFailed(ErrorHandler.java:156)
	at org.openqa.selenium.remote.RemoteWebDriver.execute(RemoteWebDriver.java:599)
	at org.openqa.selenium.remote.RemoteWebDriver.findElement(RemoteWebDriver.java:352)
	at org.openqa.selenium.remote.RemoteWebDriver.findElementByXPath(RemoteWebDriver.java:449)
	at org.openqa.selenium.By$ByXPath.findElement(By.java:357)
	at org.openqa.selenium.remote.RemoteWebDriver.findElement(RemoteWebDriver.java:344)
	at Clarity1_3.ATS003VerifyMyPaymentDetailspageformemberwhosehasonlybankdetails.test0204ATS003VerifyMyPaymentDetailspageformemberwhosehasonlybankdetails(ATS003VerifyMyPaymentDetailspageformemberwhosehasonlybankdetails.java:32)
... Removed 29 stack frames]]>
    </failure>
  </testcase> <!-- test0204ATS003VerifyMyPaymentDetailspageformemberwhosehasonlybankdetails -->
  <testcase name="test0204ATS004VerifyMyPaymentDetailspageformemberwhosehasonlybanksocietydetails" time="34.583" classname="Clarity1_3.ATS004VerifyMyPaymentDetailspageformemberwhosehasonlybanksocietydetails">
    <failure type="org.openqa.selenium.NoSuchElementException" message="no such element: Unable to locate element: {&amp;quot;method&amp;quot;:&amp;quot;xpath&amp;quot;,&amp;quot;selector&amp;quot;:&amp;quot;.//*[@id=&amp;apos;navigation&amp;apos;]/li[3]&amp;quot;}
  (Session info: chrome=71.0.3578.80)
  (Driver info: chromedriver=2.44.609538 (b655c5a60b0b544917107a59d4153d4bf78e1b90),platform=Windows NT 6.1.7601 SP1 x86_64) (WARNING: The server did not provide any stacktrace information)
Command duration or timeout: 30.05 seconds
For documentation on this error, please visit: http://seleniumhq.org/exceptions/no_such_element.html
Build info: version: &amp;apos;unknown&amp;apos;, revision: &amp;apos;unknown&amp;apos;, time: &amp;apos;unknown&amp;apos;
System info: host: &amp;apos;UKPC32766&amp;apos;, ip: &amp;apos;192.168.28.178&amp;apos;, os.name: &amp;apos;Windows 7&amp;apos;, os.arch: &amp;apos;amd64&amp;apos;, os.version: &amp;apos;6.1&amp;apos;, java.version: &amp;apos;1.8.0_25&amp;apos;
Driver info: org.openqa.selenium.chrome.ChromeDriver
Capabilities [{mobileEmulationEnabled=false, hasTouchScreen=false, platform=XP, acceptSslCerts=false, goog:chromeOptions={debuggerAddress=localhost:62349}, acceptInsecureCerts=false, webStorageEnabled=true, browserName=chrome, takesScreenshot=true, javascriptEnabled=true, setWindowRect=true, unexpectedAlertBehaviour=ignore, applicationCacheEnabled=false, rotatable=false, networkConnectionEnabled=false, chrome={chromedriverVersion=2.44.609538 (b655c5a60b0b544917107a59d4153d4bf78e1b90), userDataDir=C:\Users\kawalig1\AppData\Local\Temp\scoped_dir9760_30595}, takesHeapSnapshot=true, pageLoadStrategy=normal, databaseEnabled=false, handlesAlerts=true, version=71.0.3578.80, browserConnectionEnabled=false, nativeEvents=true, locationContextEnabled=true, cssSelectorsEnabled=true}]
Session ID: 4243a65c3786bf9734d6ce14e839abe6
*** Element info: {Using=xpath, value=.//*[@id=&amp;apos;navigation&amp;apos;]/li[3]}">
      <![CDATA[org.openqa.selenium.NoSuchElementException: no such element: Unable to locate element: {"method":"xpath","selector":".//*[@id='navigation']/li[3]"}
  (Session info: chrome=71.0.3578.80)
  (Driver info: chromedriver=2.44.609538 (b655c5a60b0b544917107a59d4153d4bf78e1b90),platform=Windows NT 6.1.7601 SP1 x86_64) (WARNING: The server did not provide any stacktrace information)
Command duration or timeout: 30.05 seconds
For documentation on this error, please visit: http://seleniumhq.org/exceptions/no_such_element.html
Build info: version: 'unknown', revision: 'unknown', time: 'unknown'
System info: host: 'UKPC32766', ip: '192.168.28.178', os.name: 'Windows 7', os.arch: 'amd64', os.version: '6.1', java.version: '1.8.0_25'
Driver info: org.openqa.selenium.chrome.ChromeDriver
Capabilities [{mobileEmulationEnabled=false, hasTouchScreen=false, platform=XP, acceptSslCerts=false, goog:chromeOptions={debuggerAddress=localhost:62349}, acceptInsecureCerts=false, webStorageEnabled=true, browserName=chrome, takesScreenshot=true, javascriptEnabled=true, setWindowRect=true, unexpectedAlertBehaviour=ignore, applicationCacheEnabled=false, rotatable=false, networkConnectionEnabled=false, chrome={chromedriverVersion=2.44.609538 (b655c5a60b0b544917107a59d4153d4bf78e1b90), userDataDir=C:\Users\kawalig1\AppData\Local\Temp\scoped_dir9760_30595}, takesHeapSnapshot=true, pageLoadStrategy=normal, databaseEnabled=false, handlesAlerts=true, version=71.0.3578.80, browserConnectionEnabled=false, nativeEvents=true, locationContextEnabled=true, cssSelectorsEnabled=true}]
Session ID: 4243a65c3786bf9734d6ce14e839abe6
*** Element info: {Using=xpath, value=.//*[@id='navigation']/li[3]}
	at org.openqa.selenium.remote.ErrorHandler.createThrowable(ErrorHandler.java:204)
	at org.openqa.selenium.remote.ErrorHandler.throwIfResponseFailed(ErrorHandler.java:156)
	at org.openqa.selenium.remote.RemoteWebDriver.execute(RemoteWebDriver.java:599)
	at org.openqa.selenium.remote.RemoteWebDriver.findElement(RemoteWebDriver.java:352)
	at org.openqa.selenium.remote.RemoteWebDriver.findElementByXPath(RemoteWebDriver.java:449)
	at org.openqa.selenium.By$ByXPath.findElement(By.java:357)
	at org.openqa.selenium.remote.RemoteWebDriver.findElement(RemoteWebDriver.java:344)
	at Clarity1_3.ATS004VerifyMyPaymentDetailspageformemberwhosehasonlybanksocietydetails.test0204ATS004VerifyMyPaymentDetailspageformemberwhosehasonlybanksocietydetails(ATS004VerifyMyPaymentDetailspageformemberwhosehasonlybanksocietydetails.java:32)
... Removed 29 stack frames]]>
    </failure>
  </testcase> <!-- test0204ATS004VerifyMyPaymentDetailspageformemberwhosehasonlybanksocietydetails -->
  <testcase name="test0204ATS006VerifyPensionerabletoviewtheirHomepage" time="35.699" classname="Clarity1_3.ATS006VerifyPensionerabletoviewtheirHomepage">
    <failure type="org.openqa.selenium.NoSuchElementException" message="no such element: Unable to locate element: {&amp;quot;method&amp;quot;:&amp;quot;xpath&amp;quot;,&amp;quot;selector&amp;quot;:&amp;quot;.//*[@id=&amp;apos;header&amp;apos;]/div/a/img&amp;quot;}
  (Session info: chrome=71.0.3578.80)
  (Driver info: chromedriver=2.44.609538 (b655c5a60b0b544917107a59d4153d4bf78e1b90),platform=Windows NT 6.1.7601 SP1 x86_64) (WARNING: The server did not provide any stacktrace information)
Command duration or timeout: 30.04 seconds
For documentation on this error, please visit: http://seleniumhq.org/exceptions/no_such_element.html
Build info: version: &amp;apos;unknown&amp;apos;, revision: &amp;apos;unknown&amp;apos;, time: &amp;apos;unknown&amp;apos;
System info: host: &amp;apos;UKPC32766&amp;apos;, ip: &amp;apos;192.168.28.178&amp;apos;, os.name: &amp;apos;Windows 7&amp;apos;, os.arch: &amp;apos;amd64&amp;apos;, os.version: &amp;apos;6.1&amp;apos;, java.version: &amp;apos;1.8.0_25&amp;apos;
Driver info: org.openqa.selenium.chrome.ChromeDriver
Capabilities [{mobileEmulationEnabled=false, hasTouchScreen=false, platform=XP, acceptSslCerts=false, goog:chromeOptions={debuggerAddress=localhost:62377}, acceptInsecureCerts=false, webStorageEnabled=true, browserName=chrome, takesScreenshot=true, javascriptEnabled=true, setWindowRect=true, unexpectedAlertBehaviour=ignore, applicationCacheEnabled=false, rotatable=false, networkConnectionEnabled=false, chrome={chromedriverVersion=2.44.609538 (b655c5a60b0b544917107a59d4153d4bf78e1b90), userDataDir=C:\Users\kawalig1\AppData\Local\Temp\scoped_dir11932_9277}, takesHeapSnapshot=true, pageLoadStrategy=normal, databaseEnabled=false, handlesAlerts=true, version=71.0.3578.80, browserConnectionEnabled=false, nativeEvents=true, locationContextEnabled=true, cssSelectorsEnabled=true}]
Session ID: 7ea925ec0df9f2fd14efe5d9c3fa3034
*** Element info: {Using=xpath, value=.//*[@id=&amp;apos;header&amp;apos;]/div/a/img}">
      <![CDATA[org.openqa.selenium.NoSuchElementException: no such element: Unable to locate element: {"method":"xpath","selector":".//*[@id='header']/div/a/img"}
  (Session info: chrome=71.0.3578.80)
  (Driver info: chromedriver=2.44.609538 (b655c5a60b0b544917107a59d4153d4bf78e1b90),platform=Windows NT 6.1.7601 SP1 x86_64) (WARNING: The server did not provide any stacktrace information)
Command duration or timeout: 30.04 seconds
For documentation on this error, please visit: http://seleniumhq.org/exceptions/no_such_element.html
Build info: version: 'unknown', revision: 'unknown', time: 'unknown'
System info: host: 'UKPC32766', ip: '192.168.28.178', os.name: 'Windows 7', os.arch: 'amd64', os.version: '6.1', java.version: '1.8.0_25'
Driver info: org.openqa.selenium.chrome.ChromeDriver
Capabilities [{mobileEmulationEnabled=false, hasTouchScreen=false, platform=XP, acceptSslCerts=false, goog:chromeOptions={debuggerAddress=localhost:62377}, acceptInsecureCerts=false, webStorageEnabled=true, browserName=chrome, takesScreenshot=true, javascriptEnabled=true, setWindowRect=true, unexpectedAlertBehaviour=ignore, applicationCacheEnabled=false, rotatable=false, networkConnectionEnabled=false, chrome={chromedriverVersion=2.44.609538 (b655c5a60b0b544917107a59d4153d4bf78e1b90), userDataDir=C:\Users\kawalig1\AppData\Local\Temp\scoped_dir11932_9277}, takesHeapSnapshot=true, pageLoadStrategy=normal, databaseEnabled=false, handlesAlerts=true, version=71.0.3578.80, browserConnectionEnabled=false, nativeEvents=true, locationContextEnabled=true, cssSelectorsEnabled=true}]
Session ID: 7ea925ec0df9f2fd14efe5d9c3fa3034
*** Element info: {Using=xpath, value=.//*[@id='header']/div/a/img}
	at org.openqa.selenium.remote.ErrorHandler.createThrowable(ErrorHandler.java:204)
	at org.openqa.selenium.remote.ErrorHandler.throwIfResponseFailed(ErrorHandler.java:156)
	at org.openqa.selenium.remote.RemoteWebDriver.execute(RemoteWebDriver.java:599)
	at org.openqa.selenium.remote.RemoteWebDriver.findElement(RemoteWebDriver.java:352)
	at org.openqa.selenium.remote.RemoteWebDriver.findElementByXPath(RemoteWebDriver.java:449)
	at org.openqa.selenium.By$ByXPath.findElement(By.java:357)
	at org.openqa.selenium.remote.RemoteWebDriver.findElement(RemoteWebDriver.java:344)
	at Clarity1_3.ATS006VerifyPensionerabletoviewtheirHomepage.test0204ATS006VerifyPensionerabletoviewtheirHomepage(ATS006VerifyPensionerabletoviewtheirHomepage.java:31)
... Removed 29 stack frames]]>
    </failure>
  </testcase> <!-- test0204ATS006VerifyPensionerabletoviewtheirHomepage -->
  <testcase name="test0204ATS007Verifyhomeaddressisdisplayedwhenpaymentaddressisnotavailableforthemember" time="34.648" classname="Clarity1_3.ATS007Verifyhomeaddressisdisplayedwhenpaymentaddressisnotavailableforthemember">
    <failure type="org.openqa.selenium.NoSuchElementException" message="no such element: Unable to locate element: {&amp;quot;method&amp;quot;:&amp;quot;xpath&amp;quot;,&amp;quot;selector&amp;quot;:&amp;quot;.//*[@id=&amp;apos;navigation&amp;apos;]/li[3]/span/a&amp;quot;}
  (Session info: chrome=71.0.3578.80)
  (Driver info: chromedriver=2.44.609538 (b655c5a60b0b544917107a59d4153d4bf78e1b90),platform=Windows NT 6.1.7601 SP1 x86_64) (WARNING: The server did not provide any stacktrace information)
Command duration or timeout: 30.01 seconds
For documentation on this error, please visit: http://seleniumhq.org/exceptions/no_such_element.html
Build info: version: &amp;apos;unknown&amp;apos;, revision: &amp;apos;unknown&amp;apos;, time: &amp;apos;unknown&amp;apos;
System info: host: &amp;apos;UKPC32766&amp;apos;, ip: &amp;apos;192.168.28.178&amp;apos;, os.name: &amp;apos;Windows 7&amp;apos;, os.arch: &amp;apos;amd64&amp;apos;, os.version: &amp;apos;6.1&amp;apos;, java.version: &amp;apos;1.8.0_25&amp;apos;
Driver info: org.openqa.selenium.chrome.ChromeDriver
Capabilities [{mobileEmulationEnabled=false, hasTouchScreen=false, platform=XP, acceptSslCerts=false, goog:chromeOptions={debuggerAddress=localhost:62409}, acceptInsecureCerts=false, webStorageEnabled=true, browserName=chrome, takesScreenshot=true, javascriptEnabled=true, setWindowRect=true, unexpectedAlertBehaviour=ignore, applicationCacheEnabled=false, rotatable=false, networkConnectionEnabled=false, chrome={chromedriverVersion=2.44.609538 (b655c5a60b0b544917107a59d4153d4bf78e1b90), userDataDir=C:\Users\kawalig1\AppData\Local\Temp\scoped_dir10016_295}, takesHeapSnapshot=true, pageLoadStrategy=normal, databaseEnabled=false, handlesAlerts=true, version=71.0.3578.80, browserConnectionEnabled=false, nativeEvents=true, locationContextEnabled=true, cssSelectorsEnabled=true}]
Session ID: 30fd9e285edf5b2518c74b71ce1242ff
*** Element info: {Using=xpath, value=.//*[@id=&amp;apos;navigation&amp;apos;]/li[3]/span/a}">
      <![CDATA[org.openqa.selenium.NoSuchElementException: no such element: Unable to locate element: {"method":"xpath","selector":".//*[@id='navigation']/li[3]/span/a"}
  (Session info: chrome=71.0.3578.80)
  (Driver info: chromedriver=2.44.609538 (b655c5a60b0b544917107a59d4153d4bf78e1b90),platform=Windows NT 6.1.7601 SP1 x86_64) (WARNING: The server did not provide any stacktrace information)
Command duration or timeout: 30.01 seconds
For documentation on this error, please visit: http://seleniumhq.org/exceptions/no_such_element.html
Build info: version: 'unknown', revision: 'unknown', time: 'unknown'
System info: host: 'UKPC32766', ip: '192.168.28.178', os.name: 'Windows 7', os.arch: 'amd64', os.version: '6.1', java.version: '1.8.0_25'
Driver info: org.openqa.selenium.chrome.ChromeDriver
Capabilities [{mobileEmulationEnabled=false, hasTouchScreen=false, platform=XP, acceptSslCerts=false, goog:chromeOptions={debuggerAddress=localhost:62409}, acceptInsecureCerts=false, webStorageEnabled=true, browserName=chrome, takesScreenshot=true, javascriptEnabled=true, setWindowRect=true, unexpectedAlertBehaviour=ignore, applicationCacheEnabled=false, rotatable=false, networkConnectionEnabled=false, chrome={chromedriverVersion=2.44.609538 (b655c5a60b0b544917107a59d4153d4bf78e1b90), userDataDir=C:\Users\kawalig1\AppData\Local\Temp\scoped_dir10016_295}, takesHeapSnapshot=true, pageLoadStrategy=normal, databaseEnabled=false, handlesAlerts=true, version=71.0.3578.80, browserConnectionEnabled=false, nativeEvents=true, locationContextEnabled=true, cssSelectorsEnabled=true}]
Session ID: 30fd9e285edf5b2518c74b71ce1242ff
*** Element info: {Using=xpath, value=.//*[@id='navigation']/li[3]/span/a}
	at org.openqa.selenium.remote.ErrorHandler.createThrowable(ErrorHandler.java:204)
	at org.openqa.selenium.remote.ErrorHandler.throwIfResponseFailed(ErrorHandler.java:156)
	at org.openqa.selenium.remote.RemoteWebDriver.execute(RemoteWebDriver.java:599)
	at org.openqa.selenium.remote.RemoteWebDriver.findElement(RemoteWebDriver.java:352)
	at org.openqa.selenium.remote.RemoteWebDriver.findElementByXPath(RemoteWebDriver.java:449)
	at org.openqa.selenium.By$ByXPath.findElement(By.java:357)
	at org.openqa.selenium.remote.RemoteWebDriver.findElement(RemoteWebDriver.java:344)
	at Clarity1_3.ATS007Verifyhomeaddressisdisplayedwhenpaymentaddressisnotavailableforthemember.test0204ATS007Verifyhomeaddressisdisplayedwhenpaymentaddressisnotavailableforthemember(ATS007Verifyhomeaddressisdisplayedwhenpaymentaddressisnotavailableforthemember.java:31)
... Removed 29 stack frames]]>
    </failure>
  </testcase> <!-- test0204ATS007Verifyhomeaddressisdisplayedwhenpaymentaddressisnotavailableforthemember -->
  <testcase name="test0204ATS008VerifyClaritydisplaysthecurrentaddressofthememberinAboutmepage" time="34.924" classname="Clarity1_3.ATS008VerifyClaritydisplaysthecurrentaddressofthememberinAboutmepage">
    <failure type="org.openqa.selenium.NoSuchElementException" message="no such element: Unable to locate element: {&amp;quot;method&amp;quot;:&amp;quot;xpath&amp;quot;,&amp;quot;selector&amp;quot;:&amp;quot;.//*[@id=&amp;apos;navigation&amp;apos;]/li[4]/span/a&amp;quot;}
  (Session info: chrome=71.0.3578.80)
  (Driver info: chromedriver=2.44.609538 (b655c5a60b0b544917107a59d4153d4bf78e1b90),platform=Windows NT 6.1.7601 SP1 x86_64) (WARNING: The server did not provide any stacktrace information)
Command duration or timeout: 30.01 seconds
For documentation on this error, please visit: http://seleniumhq.org/exceptions/no_such_element.html
Build info: version: &amp;apos;unknown&amp;apos;, revision: &amp;apos;unknown&amp;apos;, time: &amp;apos;unknown&amp;apos;
System info: host: &amp;apos;UKPC32766&amp;apos;, ip: &amp;apos;192.168.28.178&amp;apos;, os.name: &amp;apos;Windows 7&amp;apos;, os.arch: &amp;apos;amd64&amp;apos;, os.version: &amp;apos;6.1&amp;apos;, java.version: &amp;apos;1.8.0_25&amp;apos;
Driver info: org.openqa.selenium.chrome.ChromeDriver
Capabilities [{mobileEmulationEnabled=false, hasTouchScreen=false, platform=XP, acceptSslCerts=false, goog:chromeOptions={debuggerAddress=localhost:62440}, acceptInsecureCerts=false, webStorageEnabled=true, browserName=chrome, takesScreenshot=true, javascriptEnabled=true, setWindowRect=true, unexpectedAlertBehaviour=ignore, applicationCacheEnabled=false, rotatable=false, networkConnectionEnabled=false, chrome={chromedriverVersion=2.44.609538 (b655c5a60b0b544917107a59d4153d4bf78e1b90), userDataDir=C:\Users\kawalig1\AppData\Local\Temp\scoped_dir11104_5597}, takesHeapSnapshot=true, pageLoadStrategy=normal, databaseEnabled=false, handlesAlerts=true, version=71.0.3578.80, browserConnectionEnabled=false, nativeEvents=true, locationContextEnabled=true, cssSelectorsEnabled=true}]
Session ID: 062989c5a46deea5fd9fd507e8b471f9
*** Element info: {Using=xpath, value=.//*[@id=&amp;apos;navigation&amp;apos;]/li[4]/span/a}">
      <![CDATA[org.openqa.selenium.NoSuchElementException: no such element: Unable to locate element: {"method":"xpath","selector":".//*[@id='navigation']/li[4]/span/a"}
  (Session info: chrome=71.0.3578.80)
  (Driver info: chromedriver=2.44.609538 (b655c5a60b0b544917107a59d4153d4bf78e1b90),platform=Windows NT 6.1.7601 SP1 x86_64) (WARNING: The server did not provide any stacktrace information)
Command duration or timeout: 30.01 seconds
For documentation on this error, please visit: http://seleniumhq.org/exceptions/no_such_element.html
Build info: version: 'unknown', revision: 'unknown', time: 'unknown'
System info: host: 'UKPC32766', ip: '192.168.28.178', os.name: 'Windows 7', os.arch: 'amd64', os.version: '6.1', java.version: '1.8.0_25'
Driver info: org.openqa.selenium.chrome.ChromeDriver
Capabilities [{mobileEmulationEnabled=false, hasTouchScreen=false, platform=XP, acceptSslCerts=false, goog:chromeOptions={debuggerAddress=localhost:62440}, acceptInsecureCerts=false, webStorageEnabled=true, browserName=chrome, takesScreenshot=true, javascriptEnabled=true, setWindowRect=true, unexpectedAlertBehaviour=ignore, applicationCacheEnabled=false, rotatable=false, networkConnectionEnabled=false, chrome={chromedriverVersion=2.44.609538 (b655c5a60b0b544917107a59d4153d4bf78e1b90), userDataDir=C:\Users\kawalig1\AppData\Local\Temp\scoped_dir11104_5597}, takesHeapSnapshot=true, pageLoadStrategy=normal, databaseEnabled=false, handlesAlerts=true, version=71.0.3578.80, browserConnectionEnabled=false, nativeEvents=true, locationContextEnabled=true, cssSelectorsEnabled=true}]
Session ID: 062989c5a46deea5fd9fd507e8b471f9
*** Element info: {Using=xpath, value=.//*[@id='navigation']/li[4]/span/a}
	at org.openqa.selenium.remote.ErrorHandler.createThrowable(ErrorHandler.java:204)
	at org.openqa.selenium.remote.ErrorHandler.throwIfResponseFailed(ErrorHandler.java:156)
	at org.openqa.selenium.remote.RemoteWebDriver.execute(RemoteWebDriver.java:599)
	at org.openqa.selenium.remote.RemoteWebDriver.findElement(RemoteWebDriver.java:352)
	at org.openqa.selenium.remote.RemoteWebDriver.findElementByXPath(RemoteWebDriver.java:449)
	at org.openqa.selenium.By$ByXPath.findElement(By.java:357)
	at org.openqa.selenium.remote.RemoteWebDriver.findElement(RemoteWebDriver.java:344)
	at Clarity1_3.ATS008VerifyClaritydisplaysthecurrentaddressofthememberinAboutmepage.test0204ATS008VerifyClaritydisplaysthecurrentaddressofthememberinAboutmepage(ATS008VerifyClaritydisplaysthecurrentaddressofthememberinAboutmepage.java:31)
... Removed 29 stack frames]]>
    </failure>
  </testcase> <!-- test0204ATS008VerifyClaritydisplaysthecurrentaddressofthememberinAboutmepage -->
  <testcase name="test0207ATS001EmployerabletoimpersonateaPensionerwithloginandstatusINPAY" time="34.515" classname="Clarity1_3.ATS001EmployerabletoimpersonateaPensionerwithloginandstatusINPAY">
    <failure type="org.openqa.selenium.NoSuchElementException" message="no such element: Unable to locate element: {&amp;quot;method&amp;quot;:&amp;quot;id&amp;quot;,&amp;quot;selector&amp;quot;:&amp;quot;ctl00_ctl00_BaseContentPlaceHolder_ContentPlaceHolder_MemberDetailsRadioButton&amp;quot;}
  (Session info: chrome=71.0.3578.80)
  (Driver info: chromedriver=2.44.609538 (b655c5a60b0b544917107a59d4153d4bf78e1b90),platform=Windows NT 6.1.7601 SP1 x86_64) (WARNING: The server did not provide any stacktrace information)
Command duration or timeout: 30.03 seconds
For documentation on this error, please visit: http://seleniumhq.org/exceptions/no_such_element.html
Build info: version: &amp;apos;unknown&amp;apos;, revision: &amp;apos;unknown&amp;apos;, time: &amp;apos;unknown&amp;apos;
System info: host: &amp;apos;UKPC32766&amp;apos;, ip: &amp;apos;192.168.28.178&amp;apos;, os.name: &amp;apos;Windows 7&amp;apos;, os.arch: &amp;apos;amd64&amp;apos;, os.version: &amp;apos;6.1&amp;apos;, java.version: &amp;apos;1.8.0_25&amp;apos;
Driver info: org.openqa.selenium.chrome.ChromeDriver
Capabilities [{mobileEmulationEnabled=false, hasTouchScreen=false, platform=XP, acceptSslCerts=false, goog:chromeOptions={debuggerAddress=localhost:62482}, acceptInsecureCerts=false, webStorageEnabled=true, browserName=chrome, takesScreenshot=true, javascriptEnabled=true, setWindowRect=true, unexpectedAlertBehaviour=ignore, applicationCacheEnabled=false, rotatable=false, networkConnectionEnabled=false, chrome={chromedriverVersion=2.44.609538 (b655c5a60b0b544917107a59d4153d4bf78e1b90), userDataDir=C:\Users\kawalig1\AppData\Local\Temp\scoped_dir19868_2205}, takesHeapSnapshot=true, pageLoadStrategy=normal, databaseEnabled=false, handlesAlerts=true, version=71.0.3578.80, browserConnectionEnabled=false, nativeEvents=true, locationContextEnabled=true, cssSelectorsEnabled=true}]
Session ID: af8e344c35ca117a6c608c96e33cc50f
*** Element info: {Using=id, value=ctl00_ctl00_BaseContentPlaceHolder_ContentPlaceHolder_MemberDetailsRadioButton}">
      <![CDATA[org.openqa.selenium.NoSuchElementException: no such element: Unable to locate element: {"method":"id","selector":"ctl00_ctl00_BaseContentPlaceHolder_ContentPlaceHolder_MemberDetailsRadioButton"}
  (Session info: chrome=71.0.3578.80)
  (Driver info: chromedriver=2.44.609538 (b655c5a60b0b544917107a59d4153d4bf78e1b90),platform=Windows NT 6.1.7601 SP1 x86_64) (WARNING: The server did not provide any stacktrace information)
Command duration or timeout: 30.03 seconds
For documentation on this error, please visit: http://seleniumhq.org/exceptions/no_such_element.html
Build info: version: 'unknown', revision: 'unknown', time: 'unknown'
System info: host: 'UKPC32766', ip: '192.168.28.178', os.name: 'Windows 7', os.arch: 'amd64', os.version: '6.1', java.version: '1.8.0_25'
Driver info: org.openqa.selenium.chrome.ChromeDriver
Capabilities [{mobileEmulationEnabled=false, hasTouchScreen=false, platform=XP, acceptSslCerts=false, goog:chromeOptions={debuggerAddress=localhost:62482}, acceptInsecureCerts=false, webStorageEnabled=true, browserName=chrome, takesScreenshot=true, javascriptEnabled=true, setWindowRect=true, unexpectedAlertBehaviour=ignore, applicationCacheEnabled=false, rotatable=false, networkConnectionEnabled=false, chrome={chromedriverVersion=2.44.609538 (b655c5a60b0b544917107a59d4153d4bf78e1b90), userDataDir=C:\Users\kawalig1\AppData\Local\Temp\scoped_dir19868_2205}, takesHeapSnapshot=true, pageLoadStrategy=normal, databaseEnabled=false, handlesAlerts=true, version=71.0.3578.80, browserConnectionEnabled=false, nativeEvents=true, locationContextEnabled=true, cssSelectorsEnabled=true}]
Session ID: af8e344c35ca117a6c608c96e33cc50f
*** Element info: {Using=id, value=ctl00_ctl00_BaseContentPlaceHolder_ContentPlaceHolder_MemberDetailsRadioButton}
	at org.openqa.selenium.remote.ErrorHandler.createThrowable(ErrorHandler.java:204)
	at org.openqa.selenium.remote.ErrorHandler.throwIfResponseFailed(ErrorHandler.java:156)
	at org.openqa.selenium.remote.RemoteWebDriver.execute(RemoteWebDriver.java:599)
	at org.openqa.selenium.remote.RemoteWebDriver.findElement(RemoteWebDriver.java:352)
	at org.openqa.selenium.remote.RemoteWebDriver.findElementById(RemoteWebDriver.java:393)
	at org.openqa.selenium.By$ById.findElement(By.java:214)
	at org.openqa.selenium.remote.RemoteWebDriver.findElement(RemoteWebDriver.java:344)
	at Clarity1_3.ATS001EmployerabletoimpersonateaPensionerwithloginandstatusINPAY.test0207ATS001EmployerabletoimpersonateaPensionerwithloginandstatusINPAY(ATS001EmployerabletoimpersonateaPensionerwithloginandstatusINPAY.java:33)
... Removed 29 stack frames]]>
    </failure>
  </testcase> <!-- test0207ATS001EmployerabletoimpersonateaPensionerwithloginandstatusINPAY -->
  <testcase name="test0207ATS002EmployerabletoimpersonateaPensionerwithloginandstatusPENSUS" time="33.5" classname="Clarity1_3.ATS002EmployerabletoimpersonateaPensionerwithloginandstatusPENSUS">
    <failure type="org.openqa.selenium.NoSuchElementException" message="no such element: Unable to locate element: {&amp;quot;method&amp;quot;:&amp;quot;id&amp;quot;,&amp;quot;selector&amp;quot;:&amp;quot;ctl00_ctl00_BaseContentPlaceHolder_ContentPlaceHolder_SearchScopeDropDownList&amp;quot;}
  (Session info: chrome=71.0.3578.80)
  (Driver info: chromedriver=2.44.609538 (b655c5a60b0b544917107a59d4153d4bf78e1b90),platform=Windows NT 6.1.7601 SP1 x86_64) (WARNING: The server did not provide any stacktrace information)
Command duration or timeout: 30.06 seconds
For documentation on this error, please visit: http://seleniumhq.org/exceptions/no_such_element.html
Build info: version: &amp;apos;unknown&amp;apos;, revision: &amp;apos;unknown&amp;apos;, time: &amp;apos;unknown&amp;apos;
System info: host: &amp;apos;UKPC32766&amp;apos;, ip: &amp;apos;192.168.28.178&amp;apos;, os.name: &amp;apos;Windows 7&amp;apos;, os.arch: &amp;apos;amd64&amp;apos;, os.version: &amp;apos;6.1&amp;apos;, java.version: &amp;apos;1.8.0_25&amp;apos;
Driver info: org.openqa.selenium.chrome.ChromeDriver
[...]
Session ID: 06da35336394aa513f352e99bc8b6cf1
*** Element info: {Using=xpath, value=.//*[@id=&amp;apos;navigation&amp;apos;]/li[3]/span/a}">
      <![CDATA[org.openqa.selenium.NoSuchElementException: no such element: Unable to locate element: {"method":"xpath","selector":".//*[@id='navigation']/li[3]/span/a"}
  (Session info: chrome=71.0.3578.80)
  (Driver info: chromedriver=2.44.609538 (b655c5a60b0b544917107a59d4153d4bf78e1b90),platform=Windows NT 6.1.7601 SP1 x86_64) (WARNING: The server did not provide any stacktrace information)
Command duration or timeout: 30.04 seconds
For documentation on this error, please visit: http://seleniumhq.org/exceptions/no_such_element.html
Build info: version: 'unknown', revision: 'unknown', time: 'unknown'
System info: host: 'UKPC32766', ip: '192.168.28.178', os.name: 'Windows 7', os.arch: 'amd64', os.version: '6.1', java.version: '1.8.0_25'
Driver info: org.openqa.selenium.chrome.ChromeDriver
Capabilities [{mobileEmulationEnabled=false, hasTouchScreen=false, platform=XP, acceptSslCerts=false, goog:chromeOptions={debuggerAddress=localhost:50336}, acceptInsecureCerts=false, webStorageEnabled=true, browserName=chrome, takesScreenshot=true, javascriptEnabled=true, setWindowRect=true, unexpectedAlertBehaviour=ignore, applicationCacheEnabled=false, rotatable=false, networkConnectionEnabled=false, chrome={chromedriverVersion=2.44.609538 (b655c5a60b0b544917107a59d4153d4bf78e1b90), userDataDir=C:\Users\kawalig1\AppData\Local\Temp\scoped_dir15392_7040}, takesHeapSnapshot=true, pageLoadStrategy=normal, databaseEnabled=false, handlesAlerts=true, version=71.0.3578.80, browserConnectionEnabled=false, nativeEvents=true, locationContextEnabled=true, cssSelectorsEnabled=true}]
Session ID: 06da35336394aa513f352e99bc8b6cf1
*** Element info: {Using=xpath, value=.//*[@id='navigation']/li[3]/span/a}
	at org.openqa.selenium.remote.ErrorHandler.createThrowable(ErrorHandler.java:204)
	at org.openqa.selenium.remote.ErrorHandler.throwIfResponseFailed(ErrorHandler.java:156)
	at org.openqa.selenium.remote.RemoteWebDriver.execute(RemoteWebDriver.java:599)
	at org.openqa.selenium.remote.RemoteWebDriver.findElement(RemoteWebDriver.java:352)
	at org.openqa.selenium.remote.RemoteWebDriver.findElementByXPath(RemoteWebDriver.java:449)
	at org.openqa.selenium.By$ByXPath.findElement(By.java:357)
	at org.openqa.selenium.remote.RemoteWebDriver.findElement(RemoteWebDriver.java:344)
	at Clarity1_3.SUPWRS91648ATS004Verifythatthegovernanceuserisloggedoutifhelockshisaccountduringchangepassword.testSUPWRS91648ATS004Verifythatthegovernanceuserisloggedoutifhelockshisaccountduringchangepassword(SUPWRS91648ATS004Verifythatthegovernanceuserisloggedoutifhelockshisaccountduringchangepassword.java:33)
... Removed 28 stack frames]]>
    </failure>
  </testcase> <!-- testSUPWRS91648ATS004Verifythatthegovernanceuserisloggedoutifhelockshisaccountduringchangepassword -->
  <testcase name="testSUPWRS91648ATS005Verifythatthegovernanceuserisloggedoutifhelockshisaccountduringchangememorableword" time="17.238" classname="Clarity1_3.SUPWRS91648ATS005Verifythatthegovernanceuserisloggedoutifhelockshisaccountduringchangememorableword"/>
  <testcase name="testSUPWRS91665ATS001Verifythattheadminisloggedoutifhelockshisaccountduringchangepassword" time="32.767" classname="Clarity1_3.SUPWRS91665ATS001Verifythattheadminisloggedoutifhelockshisaccountduringchangepassword"/>
  <testcase name="testSUPWRS91665ATS002Verifythattheadminisloggedoutifhelockshisaccountduringchangememorableword" time="32.413" classname="Clarity1_3.SUPWRS91665ATS002Verifythattheadminisloggedoutifhelockshisaccountduringchangememorableword"/>
  <testcase name="testSUPWRS91665ATS003Verifythattheadminisloggedoutifhelockshisaccountduringchangerepositorykey" time="54.014" classname="Clarity1_3.SUPWRS91665ATS003Verifythattheadminisloggedoutifhelockshisaccountduringchangerepositorykey">
    <failure type="org.openqa.selenium.NoSuchElementException" message="no such element: Unable to locate element: {&amp;quot;method&amp;quot;:&amp;quot;id&amp;quot;,&amp;quot;selector&amp;quot;:&amp;quot;UserNameTextBox&amp;quot;}
  (Session info: chrome=71.0.3578.80)
  (Driver info: chromedriver=2.44.609538 (b655c5a60b0b544917107a59d4153d4bf78e1b90),platform=Windows NT 6.1.7601 SP1 x86_64) (WARNING: The server did not provide any stacktrace information)
Command duration or timeout: 30.02 seconds
For documentation on this error, please visit: http://seleniumhq.org/exceptions/no_such_element.html
Build info: version: &amp;apos;unknown&amp;apos;, revision: &amp;apos;unknown&amp;apos;, time: &amp;apos;unknown&amp;apos;
System info: host: &amp;apos;UKPC32766&amp;apos;, ip: &amp;apos;192.168.28.178&amp;apos;, os.name: &amp;apos;Windows 7&amp;apos;, os.arch: &amp;apos;amd64&amp;apos;, os.version: &amp;apos;6.1&amp;apos;, java.version: &amp;apos;1.8.0_25&amp;apos;
Driver info: org.openqa.selenium.chrome.ChromeDriver
Capabilities [{mobileEmulationEnabled=false, hasTouchScreen=false, platform=XP, acceptSslCerts=false, goog:chromeOptions={debuggerAddress=localhost:50462}, acceptInsecureCerts=false, webStorageEnabled=true, browserName=chrome, takesScreenshot=true, javascriptEnabled=true, setWindowRect=true, unexpectedAlertBehaviour=ignore, applicationCacheEnabled=false, rotatable=false, networkConnectionEnabled=false, chrome={chromedriverVersion=2.44.609538 (b655c5a60b0b544917107a59d4153d4bf78e1b90), userDataDir=C:\Users\kawalig1\AppData\Local\Temp\scoped_dir19660_31103}, takesHeapSnapshot=true, pageLoadStrategy=normal, databaseEnabled=false, handlesAlerts=true, version=71.0.3578.80, browserConnectionEnabled=false, nativeEvents=true, locationContextEnabled=true, cssSelectorsEnabled=true}]
Session ID: 1afd88ed099414e566079e7dc029ceb3
*** Element info: {Using=id, value=UserNameTextBox}">
      <![CDATA[org.openqa.selenium.NoSuchElementException: no such element: Unable to locate element: {"method":"id","selector":"UserNameTextBox"}
  (Session info: chrome=71.0.3578.80)
  (Driver info: chromedriver=2.44.609538 (b655c5a60b0b544917107a59d4153d4bf78e1b90),platform=Windows NT 6.1.7601 SP1 x86_64) (WARNING: The server did not provide any stacktrace information)
Command duration or timeout: 30.02 seconds
For documentation on this error, please visit: http://seleniumhq.org/exceptions/no_such_element.html
Build info: version: 'unknown', revision: 'unknown', time: 'unknown'
System info: host: 'UKPC32766', ip: '192.168.28.178', os.name: 'Windows 7', os.arch: 'amd64', os.version: '6.1', java.version: '1.8.0_25'
Driver info: org.openqa.selenium.chrome.ChromeDriver
Capabilities [{mobileEmulationEnabled=false, hasTouchScreen=false, platform=XP, acceptSslCerts=false, goog:chromeOptions={debuggerAddress=localhost:50462}, acceptInsecureCerts=false, webStorageEnabled=true, browserName=chrome, takesScreenshot=true, javascriptEnabled=true, setWindowRect=true, unexpectedAlertBehaviour=ignore, applicationCacheEnabled=false, rotatable=false, networkConnectionEnabled=false, chrome={chromedriverVersion=2.44.609538 (b655c5a60b0b544917107a59d4153d4bf78e1b90), userDataDir=C:\Users\kawalig1\AppData\Local\Temp\scoped_dir19660_31103}, takesHeapSnapshot=true, pageLoadStrategy=normal, databaseEnabled=false, handlesAlerts=true, version=71.0.3578.80, browserConnectionEnabled=false, nativeEvents=true, locationContextEnabled=true, cssSelectorsEnabled=true}]
Session ID: 1afd88ed099414e566079e7dc029ceb3
*** Element info: {Using=id, value=UserNameTextBox}
	at org.openqa.selenium.remote.ErrorHandler.createThrowable(ErrorHandler.java:204)
	at org.openqa.selenium.remote.ErrorHandler.throwIfResponseFailed(ErrorHandler.java:156)
	at org.openqa.selenium.remote.RemoteWebDriver.execute(RemoteWebDriver.java:599)
	at org.openqa.selenium.remote.RemoteWebDriver.findElement(RemoteWebDriver.java:352)
	at org.openqa.selenium.remote.RemoteWebDriver.findElementById(RemoteWebDriver.java:393)
	at org.openqa.selenium.By$ById.findElement(By.java:214)
	at org.openqa.selenium.remote.RemoteWebDriver.findElement(RemoteWebDriver.java:344)
	at Clarity1_3.SUPWRS91665ATS003Verifythattheadminisloggedoutifhelockshisaccountduringchangerepositorykey.testSUPWRS91665ATS003Verifythattheadminisloggedoutifhelockshisaccountduringchangerepositorykey(SUPWRS91665ATS003Verifythattheadminisloggedoutifhelockshisaccountduringchangerepositorykey.java:121)
... Removed 28 stack frames]]>
    </failure>
  </testcase> <!-- testSUPWRS91665ATS003Verifythattheadminisloggedoutifhelockshisaccountduringchangerepositorykey -->
  <testcase name="testSUPWRS91665ATS004Verifythattheadminisloggedoutifhelockshisaccountduringchangezippassword" time="57.889" classname="Clarity1_3.SUPWRS91665ATS004Verifythattheadminisloggedoutifhelockshisaccountduringchangezippassword">
    <failure type="org.openqa.selenium.NoSuchElementException" message="no such element: Unable to locate element: {&amp;quot;method&amp;quot;:&amp;quot;id&amp;quot;,&amp;quot;selector&amp;quot;:&amp;quot;UserNameTextBox&amp;quot;}
  (Session info: chrome=71.0.3578.80)
  (Driver info: chromedriver=2.44.609538 (b655c5a60b0b544917107a59d4153d4bf78e1b90),platform=Windows NT 6.1.7601 SP1 x86_64) (WARNING: The server did not provide any stacktrace information)
Command duration or timeout: 30.03 seconds
For documentation on this error, please visit: http://seleniumhq.org/exceptions/no_such_element.html
Build info: version: &amp;apos;unknown&amp;apos;, revision: &amp;apos;unknown&amp;apos;, time: &amp;apos;unknown&amp;apos;
System info: host: &amp;apos;UKPC32766&amp;apos;, ip: &amp;apos;192.168.28.178&amp;apos;, os.name: &amp;apos;Windows 7&amp;apos;, os.arch: &amp;apos;amd64&amp;apos;, os.version: &amp;apos;6.1&amp;apos;, java.version: &amp;apos;1.8.0_25&amp;apos;
Driver info: org.openqa.selenium.chrome.ChromeDriver
Capabilities [{mobileEmulationEnabled=false, hasTouchScreen=false, platform=XP, acceptSslCerts=false, goog:chromeOptions={debuggerAddress=localhost:50492}, acceptInsecureCerts=false, webStorageEnabled=true, browserName=chrome, takesScreenshot=true, javascriptEnabled=true, setWindowRect=true, unexpectedAlertBehaviour=ignore, applicationCacheEnabled=false, rotatable=false, networkConnectionEnabled=false, chrome={chromedriverVersion=2.44.609538 (b655c5a60b0b544917107a59d4153d4bf78e1b90), userDataDir=C:\Users\kawalig1\AppData\Local\Temp\scoped_dir11564_17990}, takesHeapSnapshot=true, pageLoadStrategy=normal, databaseEnabled=false, handlesAlerts=true, version=71.0.3578.80, browserConnectionEnabled=false, nativeEvents=true, locationContextEnabled=true, cssSelectorsEnabled=true}]
Session ID: 8a1ab2ef20eaeffcacdaa42cf20dc747
*** Element info: {Using=id, value=UserNameTextBox}">
      <![CDATA[org.openqa.selenium.NoSuchElementException: no such element: Unable to locate element: {"method":"id","selector":"UserNameTextBox"}
  (Session info: chrome=71.0.3578.80)
  (Driver info: chromedriver=2.44.609538 (b655c5a60b0b544917107a59d4153d4bf78e1b90),platform=Windows NT 6.1.7601 SP1 x86_64) (WARNING: The server did not provide any stacktrace information)
Command duration or timeout: 30.03 seconds
For documentation on this error, please visit: http://seleniumhq.org/exceptions/no_such_element.html
Build info: version: 'unknown', revision: 'unknown', time: 'unknown'
System info: host: 'UKPC32766', ip: '192.168.28.178', os.name: 'Windows 7', os.arch: 'amd64', os.version: '6.1', java.version: '1.8.0_25'
Driver info: org.openqa.selenium.chrome.ChromeDriver
Capabilities [{mobileEmulationEnabled=false, hasTouchScreen=false, platform=XP, acceptSslCerts=false, goog:chromeOptions={debuggerAddress=localhost:50492}, acceptInsecureCerts=false, webStorageEnabled=true, browserName=chrome, takesScreenshot=true, javascriptEnabled=true, setWindowRect=true, unexpectedAlertBehaviour=ignore, applicationCacheEnabled=false, rotatable=false, networkConnectionEnabled=false, chrome={chromedriverVersion=2.44.609538 (b655c5a60b0b544917107a59d4153d4bf78e1b90), userDataDir=C:\Users\kawalig1\AppData\Local\Temp\scoped_dir11564_17990}, takesHeapSnapshot=true, pageLoadStrategy=normal, databaseEnabled=false, handlesAlerts=true, version=71.0.3578.80, browserConnectionEnabled=false, nativeEvents=true, locationContextEnabled=true, cssSelectorsEnabled=true}]
Session ID: 8a1ab2ef20eaeffcacdaa42cf20dc747
*** Element info: {Using=id, value=UserNameTextBox}
	at org.openqa.selenium.remote.ErrorHandler.createThrowable(ErrorHandler.java:204)
	at org.openqa.selenium.remote.ErrorHandler.throwIfResponseFailed(ErrorHandler.java:156)
	at org.openqa.selenium.remote.RemoteWebDriver.execute(RemoteWebDriver.java:599)
	at org.openqa.selenium.remote.RemoteWebDriver.findElement(RemoteWebDriver.java:352)
	at org.openqa.selenium.remote.RemoteWebDriver.findElementById(RemoteWebDriver.java:393)
	at org.openqa.selenium.By$ById.findElement(By.java:214)
	at org.openqa.selenium.remote.RemoteWebDriver.findElement(RemoteWebDriver.java:344)
	at Clarity1_3.SUPWRS91665ATS004Verifythattheadminisloggedoutifhelockshisaccountduringchangezippassword.testSUPWRS91665ATS004Verifythattheadminisloggedoutifhelockshisaccountduringchangezippassword(SUPWRS91665ATS004Verifythattheadminisloggedoutifhelockshisaccountduringchangezippassword.java:128)
... Removed 28 stack frames]]>
    </failure>
  </testcase> <!-- testSUPWRS91665ATS004Verifythattheadminisloggedoutifhelockshisaccountduringchangezippassword -->
  <testcase name="testSUPWRS91665ATS005Verifythatthesecretaryisloggedoutifhelockshisaccountduringchangepassword" time="33.577" classname="Clarity1_3.SUPWRS91665ATS005Verifythatthesecretaryisloggedoutifhelockshisaccountduringchangepassword"/>
  <testcase name="testSUPWRS91665ATS006Verifythatthesecretaryisloggedoutifhelockshisaccountduringchangerepositorykey" time="56.143" classname="Clarity1_3.SUPWRS91665ATS006Verifythatthesecretaryisloggedoutifhelockshisaccountduringchangerepositorykey">
    <failure type="org.openqa.selenium.NoSuchElementException" message="no such element: Unable to locate element: {&amp;quot;method&amp;quot;:&amp;quot;id&amp;quot;,&amp;quot;selector&amp;quot;:&amp;quot;UserNameTextBox&amp;quot;}
  (Session info: chrome=71.0.3578.80)
  (Driver info: chromedriver=2.44.609538 (b655c5a60b0b544917107a59d4153d4bf78e1b90),platform=Windows NT 6.1.7601 SP1 x86_64) (WARNING: The server did not provide any stacktrace information)
Command duration or timeout: 30.04 seconds
For documentation on this error, please visit: http://seleniumhq.org/exceptions/no_such_element.html
Build info: version: &amp;apos;unknown&amp;apos;, revision: &amp;apos;unknown&amp;apos;, time: &amp;apos;unknown&amp;apos;
System info: host: &amp;apos;UKPC32766&amp;apos;, ip: &amp;apos;192.168.28.178&amp;apos;, os.name: &amp;apos;Windows 7&amp;apos;, os.arch: &amp;apos;amd64&amp;apos;, os.version: &amp;apos;6.1&amp;apos;, java.version: &amp;apos;1.8.0_25&amp;apos;
Driver info: org.openqa.selenium.chrome.ChromeDriver
Capabilities [{mobileEmulationEnabled=false, hasTouchScreen=false, platform=XP, acceptSslCerts=false, goog:chromeOptions={debuggerAddress=localhost:50555}, acceptInsecureCerts=false, webStorageEnabled=true, browserName=chrome, takesScreenshot=true, javascriptEnabled=true, setWindowRect=true, unexpectedAlertBehaviour=ignore, applicationCacheEnabled=false, rotatable=false, networkConnectionEnabled=false, chrome={chromedriverVersion=2.44.609538 (b655c5a60b0b544917107a59d4153d4bf78e1b90), userDataDir=C:\Users\kawalig1\AppData\Local\Temp\scoped_dir7480_20801}, takesHeapSnapshot=true, pageLoadStrategy=normal, databaseEnabled=false, handlesAlerts=true, version=71.0.3578.80, browserConnectionEnabled=false, nativeEvents=true, locationContextEnabled=true, cssSelectorsEnabled=true}]
Session ID: ef7c2dcd6502741b00935ba77c8ecfba
*** Element info: {Using=id, value=UserNameTextBox}">
      <![CDATA[org.openqa.selenium.NoSuchElementException: no such element: Unable to locate element: {"method":"id","selector":"UserNameTextBox"}
  (Session info: chrome=71.0.3578.80)
  (Driver info: chromedriver=2.44.609538 (b655c5a60b0b544917107a59d4153d4bf78e1b90),platform=Windows NT 6.1.7601 SP1 x86_64) (WARNING: The server did not provide any stacktrace information)
Command duration or timeout: 30.04 seconds
For documentation on this error, please visit: http://seleniumhq.org/exceptions/no_such_element.html
Build info: version: 'unknown', revision: 'unknown', time: 'unknown'
System info: host: 'UKPC32766', ip: '192.168.28.178', os.name: 'Windows 7', os.arch: 'amd64', os.version: '6.1', java.version: '1.8.0_25'
Driver info: org.openqa.selenium.chrome.ChromeDriver
Capabilities [{mobileEmulationEnabled=false, hasTouchScreen=false, platform=XP, acceptSslCerts=false, goog:chromeOptions={debuggerAddress=localhost:50555}, acceptInsecureCerts=false, webStorageEnabled=true, browserName=chrome, takesScreenshot=true, javascriptEnabled=true, setWindowRect=true, unexpectedAlertBehaviour=ignore, applicationCacheEnabled=false, rotatable=false, networkConnectionEnabled=false, chrome={chromedriverVersion=2.44.609538 (b655c5a60b0b544917107a59d4153d4bf78e1b90), userDataDir=C:\Users\kawalig1\AppData\Local\Temp\scoped_dir7480_20801}, takesHeapSnapshot=true, pageLoadStrategy=normal, databaseEnabled=false, handlesAlerts=true, version=71.0.3578.80, browserConnectionEnabled=false, nativeEvents=true, locationContextEnabled=true, cssSelectorsEnabled=true}]
Session ID: ef7c2dcd6502741b00935ba77c8ecfba
*** Element info: {Using=id, value=UserNameTextBox}
	at org.openqa.selenium.remote.ErrorHandler.createThrowable(ErrorHandler.java:204)
	at org.openqa.selenium.remote.ErrorHandler.throwIfResponseFailed(ErrorHandler.java:156)
	at org.openqa.selenium.remote.RemoteWebDriver.execute(RemoteWebDriver.java:599)
	at org.openqa.selenium.remote.RemoteWebDriver.findElement(RemoteWebDriver.java:352)
	at org.openqa.selenium.remote.RemoteWebDriver.findElementById(RemoteWebDriver.java:393)
	at org.openqa.selenium.By$ById.findElement(By.java:214)
	at org.openqa.selenium.remote.RemoteWebDriver.findElement(RemoteWebDriver.java:344)
	at Clarity1_3.SUPWRS91665ATS006Verifythatthesecretaryisloggedoutifhelockshisaccountduringchangerepositorykey.testSUPWRS91665ATS006Verifythatthesecretaryisloggedoutifhelockshisaccountduringchangerepositorykey(SUPWRS91665ATS006Verifythatthesecretaryisloggedoutifhelockshisaccountduringchangerepositorykey.java:119)
... Removed 28 stack frames]]>
    </failure>
  </testcase> <!-- testSUPWRS91665ATS006Verifythatthesecretaryisloggedoutifhelockshisaccountduringchangerepositorykey -->
  <testcase name="testSUPWRS91665ATS007Verifythatthesecretaryisloggedoutifhelockshisaccountduringchangezippassword" time="38.811" classname="Clarity1_3.SUPWRS91665ATS007Verifythatthesecretaryisloggedoutifhelockshisaccountduringchangezippassword"/>
  <testcase name="testSUPWRS91665ATS008Verifythatthesecretaryisloggedoutifhelockshisaccountduringchangememorableword" time="34.068" classname="Clarity1_3.SUPWRS91665ATS008Verifythatthesecretaryisloggedoutifhelockshisaccountduringchangememorableword"/>
  <testcase name="testSUPWRS91665ATS009Verifythatthesupportuserisloggedoutifhelockshisaccountduringchangepassword" time="33.432" classname="Clarity1_3.SUPWRS91665ATS009Verifythatthesupportuserisloggedoutifhelockshisaccountduringchangepassword"/>
  <testcase name="testSUPWRS91665ATS010Verifythatthesupportuserisloggedoutifhelockshisaccountduringchangememorableword" time="33.891" classname="Clarity1_3.SUPWRS91665ATS010Verifythatthesupportuserisloggedoutifhelockshisaccountduringchangememorableword"/>
</testsuite> <!-- Test -->
